The system is: Linux - 3.13.0-34-generic - x86_64
Compiling the C compiler identification source file "CMakeCCompilerId.c" succeeded.
Compiler: /usr/bin/cc 
Build flags: 
Id flags: 

The output was:
0


Compilation of the C compiler identification source "CMakeCCompilerId.c" produced "a.out"

The C compiler identification is GNU, found in "/fs02/share/users/alperen.aydin/home/TP_math/maj/AnalyseNumerique/EDO_EDP/01_eigen/eigen_src/eigen/build/CMakeFiles/2.8.12.2/CompilerIdC/a.out"

Compiling the CXX compiler identification source file "CMakeCXXCompilerId.cpp" succeeded.
Compiler: /usr/bin/c++ 
Build flags: 
Id flags: 

The output was:
0


Compilation of the CXX compiler identification source "CMakeCXXCompilerId.cpp" produced "a.out"

The CXX compiler identification is GNU, found in "/fs02/share/users/alperen.aydin/home/TP_math/maj/AnalyseNumerique/EDO_EDP/01_eigen/eigen_src/eigen/build/CMakeFiles/2.8.12.2/CompilerIdCXX/a.out"

Determining if the C compiler works passed with the following output:
Change Dir: /fs02/share/users/alperen.aydin/home/TP_math/maj/AnalyseNumerique/EDO_EDP/01_eigen/eigen_src/eigen/build/CMakeFiles/CMakeTmp

Run Build Command:/usr/bin/make "cmTryCompileExec3890181354/fast"
/usr/bin/make -f CMakeFiles/cmTryCompileExec3890181354.dir/build.make CMakeFiles/cmTryCompileExec3890181354.dir/build
make[1]: entrant dans le répertoire « /fs02/share/users/alperen.aydin/home/TP_math/maj/AnalyseNumerique/EDO_EDP/01_eigen/eigen_src/eigen/build/CMakeFiles/CMakeTmp »
/usr/bin/cmake -E cmake_progress_report /fs02/share/users/alperen.aydin/home/TP_math/maj/AnalyseNumerique/EDO_EDP/01_eigen/eigen_src/eigen/build/CMakeFiles/CMakeTmp/CMakeFiles 1
Building C object CMakeFiles/cmTryCompileExec3890181354.dir/testCCompiler.c.o
/usr/bin/cc    -o CMakeFiles/cmTryCompileExec3890181354.dir/testCCompiler.c.o   -c /fs02/share/users/alperen.aydin/home/TP_math/maj/AnalyseNumerique/EDO_EDP/01_eigen/eigen_src/eigen/build/CMakeFiles/CMakeTmp/testCCompiler.c
Linking C executable cmTryCompileExec3890181354
/usr/bin/cmake -E cmake_link_script CMakeFiles/cmTryCompileExec3890181354.dir/link.txt --verbose=1
/usr/bin/cc       CMakeFiles/cmTryCompileExec3890181354.dir/testCCompiler.c.o  -o cmTryCompileExec3890181354 -rdynamic 
make[1]: quittant le répertoire « /fs02/share/users/alperen.aydin/home/TP_math/maj/AnalyseNumerique/EDO_EDP/01_eigen/eigen_src/eigen/build/CMakeFiles/CMakeTmp »


Detecting C compiler ABI info compiled with the following output:
Change Dir: /fs02/share/users/alperen.aydin/home/TP_math/maj/AnalyseNumerique/EDO_EDP/01_eigen/eigen_src/eigen/build/CMakeFiles/CMakeTmp

Run Build Command:/usr/bin/make "cmTryCompileExec2085827542/fast"
/usr/bin/make -f CMakeFiles/cmTryCompileExec2085827542.dir/build.make CMakeFiles/cmTryCompileExec2085827542.dir/build
make[1]: entrant dans le répertoire « /fs02/share/users/alperen.aydin/home/TP_math/maj/AnalyseNumerique/EDO_EDP/01_eigen/eigen_src/eigen/build/CMakeFiles/CMakeTmp »
/usr/bin/cmake -E cmake_progress_report /fs02/share/users/alperen.aydin/home/TP_math/maj/AnalyseNumerique/EDO_EDP/01_eigen/eigen_src/eigen/build/CMakeFiles/CMakeTmp/CMakeFiles 1
Building C object CMakeFiles/cmTryCompileExec2085827542.dir/CMakeCCompilerABI.c.o
/usr/bin/cc    -o CMakeFiles/cmTryCompileExec2085827542.dir/CMakeCCompilerABI.c.o   -c /usr/share/cmake-2.8/Modules/CMakeCCompilerABI.c
Linking C executable cmTryCompileExec2085827542
/usr/bin/cmake -E cmake_link_script CMakeFiles/cmTryCompileExec2085827542.dir/link.txt --verbose=1
/usr/bin/cc     -v CMakeFiles/cmTryCompileExec2085827542.dir/CMakeCCompilerABI.c.o  -o cmTryCompileExec2085827542 -rdynamic  
Using built-in specs.
COLLECT_GCC=/usr/bin/cc
COLLECT_LTO_WRAPPER=/usr/lib/gcc/x86_64-linux-gnu/4.8/lto-wrapper
Target: x86_64-linux-gnu
Configured with: ../src/configure -v --with-pkgversion='Ubuntu 4.8.2-19ubuntu1' --with-bugurl=file:///usr/share/doc/gcc-4.8/README.Bugs --enable-languages=c,c++,java,go,d,fortran,objc,obj-c++ --prefix=/usr --program-suffix=-4.8 --enable-shared --enable-linker-build-id --libexecdir=/usr/lib --without-included-gettext --enable-threads=posix --with-gxx-include-dir=/usr/include/c++/4.8 --libdir=/usr/lib --enable-nls --with-sysroot=/ --enable-clocale=gnu --enable-libstdcxx-debug --enable-libstdcxx-time=yes --enable-gnu-unique-object --disable-libmudflap --enable-plugin --with-system-zlib --disable-browser-plugin --enable-java-awt=gtk --enable-gtk-cairo --with-java-home=/usr/lib/jvm/java-1.5.0-gcj-4.8-amd64/jre --enable-java-home --with-jvm-root-dir=/usr/lib/jvm/java-1.5.0-gcj-4.8-amd64 --with-jvm-jar-dir=/usr/lib/jvm-exports/java-1.5.0-gcj-4.8-amd64 --with-arch-directory=amd64 --with-ecj-jar=/usr/share/java/eclipse-ecj.jar --enable-objc-gc --enable-multiarch --disable-werror --with-arch-32=i686 --with-abi=m64 --with-multilib-list=m32,m64,mx32 --with-tune=generic --enable-checking=release --build=x86_64-linux-gnu --host=x86_64-linux-gnu --target=x86_64-linux-gnu
Thread model: posix
gcc version 4.8.2 (Ubuntu 4.8.2-19ubuntu1) 
COMPILER_PATH=/usr/lib/gcc/x86_64-linux-gnu/4.8/:/usr/lib/gcc/x86_64-linux-gnu/4.8/:/usr/lib/gcc/x86_64-linux-gnu/:/usr/lib/gcc/x86_64-linux-gnu/4.8/:/usr/lib/gcc/x86_64-linux-gnu/
LIBRARY_PATH=/usr/lib/gcc/x86_64-linux-gnu/4.8/:/usr/lib/gcc/x86_64-linux-gnu/4.8/../../../x86_64-linux-gnu/:/usr/lib/gcc/x86_64-linux-gnu/4.8/../../../../lib/:/lib/x86_64-linux-gnu/:/lib/../lib/:/usr/lib/x86_64-linux-gnu/:/usr/lib/../lib/:/usr/lib/gcc/x86_64-linux-gnu/4.8/../../../:/lib/:/usr/lib/
COLLECT_GCC_OPTIONS='-v' '-o' 'cmTryCompileExec2085827542' '-rdynamic' '-mtune=generic' '-march=x86-64'
 /usr/lib/gcc/x86_64-linux-gnu/4.8/collect2 --sysroot=/ --build-id --eh-frame-hdr -m elf_x86_64 --hash-style=gnu --as-needed -export-dynamic -dynamic-linker /lib64/ld-linux-x86-64.so.2 -z relro -o cmTryCompileExec2085827542 /usr/lib/gcc/x86_64-linux-gnu/4.8/../../../x86_64-linux-gnu/crt1.o /usr/lib/gcc/x86_64-linux-gnu/4.8/../../../x86_64-linux-gnu/crti.o /usr/lib/gcc/x86_64-linux-gnu/4.8/crtbegin.o -L/usr/lib/gcc/x86_64-linux-gnu/4.8 -L/usr/lib/gcc/x86_64-linux-gnu/4.8/../../../x86_64-linux-gnu -L/usr/lib/gcc/x86_64-linux-gnu/4.8/../../../../lib -L/lib/x86_64-linux-gnu -L/lib/../lib -L/usr/lib/x86_64-linux-gnu -L/usr/lib/../lib -L/usr/lib/gcc/x86_64-linux-gnu/4.8/../../.. CMakeFiles/cmTryCompileExec2085827542.dir/CMakeCCompilerABI.c.o -lgcc --as-needed -lgcc_s --no-as-needed -lc -lgcc --as-needed -lgcc_s --no-as-needed /usr/lib/gcc/x86_64-linux-gnu/4.8/crtend.o /usr/lib/gcc/x86_64-linux-gnu/4.8/../../../x86_64-linux-gnu/crtn.o
make[1]: quittant le répertoire « /fs02/share/users/alperen.aydin/home/TP_math/maj/AnalyseNumerique/EDO_EDP/01_eigen/eigen_src/eigen/build/CMakeFiles/CMakeTmp »


Parsed C implicit link information from above output:
  link line regex: [^( *|.*[/\])(ld|([^/\]+-)?ld|collect2)[^/\]*( |$)]
  ignore line: [Change Dir: /fs02/share/users/alperen.aydin/home/TP_math/maj/AnalyseNumerique/EDO_EDP/01_eigen/eigen_src/eigen/build/CMakeFiles/CMakeTmp]
  ignore line: []
  ignore line: [Run Build Command:/usr/bin/make "cmTryCompileExec2085827542/fast"]
  ignore line: [/usr/bin/make -f CMakeFiles/cmTryCompileExec2085827542.dir/build.make CMakeFiles/cmTryCompileExec2085827542.dir/build]
  ignore line: [make[1]: entrant dans le répertoire « /fs02/share/users/alperen.aydin/home/TP_math/maj/AnalyseNumerique/EDO_EDP/01_eigen/eigen_src/eigen/build/CMakeFiles/CMakeTmp »]
  ignore line: [/usr/bin/cmake -E cmake_progress_report /fs02/share/users/alperen.aydin/home/TP_math/maj/AnalyseNumerique/EDO_EDP/01_eigen/eigen_src/eigen/build/CMakeFiles/CMakeTmp/CMakeFiles 1]
  ignore line: [Building C object CMakeFiles/cmTryCompileExec2085827542.dir/CMakeCCompilerABI.c.o]
  ignore line: [/usr/bin/cc    -o CMakeFiles/cmTryCompileExec2085827542.dir/CMakeCCompilerABI.c.o   -c /usr/share/cmake-2.8/Modules/CMakeCCompilerABI.c]
  ignore line: [Linking C executable cmTryCompileExec2085827542]
  ignore line: [/usr/bin/cmake -E cmake_link_script CMakeFiles/cmTryCompileExec2085827542.dir/link.txt --verbose=1]
  ignore line: [/usr/bin/cc     -v CMakeFiles/cmTryCompileExec2085827542.dir/CMakeCCompilerABI.c.o  -o cmTryCompileExec2085827542 -rdynamic  ]
  ignore line: [Using built-in specs.]
  ignore line: [COLLECT_GCC=/usr/bin/cc]
  ignore line: [COLLECT_LTO_WRAPPER=/usr/lib/gcc/x86_64-linux-gnu/4.8/lto-wrapper]
  ignore line: [Target: x86_64-linux-gnu]
  ignore line: [Configured with: ../src/configure -v --with-pkgversion='Ubuntu 4.8.2-19ubuntu1' --with-bugurl=file:///usr/share/doc/gcc-4.8/README.Bugs --enable-languages=c,c++,java,go,d,fortran,objc,obj-c++ --prefix=/usr --program-suffix=-4.8 --enable-shared --enable-linker-build-id --libexecdir=/usr/lib --without-included-gettext --enable-threads=posix --with-gxx-include-dir=/usr/include/c++/4.8 --libdir=/usr/lib --enable-nls --with-sysroot=/ --enable-clocale=gnu --enable-libstdcxx-debug --enable-libstdcxx-time=yes --enable-gnu-unique-object --disable-libmudflap --enable-plugin --with-system-zlib --disable-browser-plugin --enable-java-awt=gtk --enable-gtk-cairo --with-java-home=/usr/lib/jvm/java-1.5.0-gcj-4.8-amd64/jre --enable-java-home --with-jvm-root-dir=/usr/lib/jvm/java-1.5.0-gcj-4.8-amd64 --with-jvm-jar-dir=/usr/lib/jvm-exports/java-1.5.0-gcj-4.8-amd64 --with-arch-directory=amd64 --with-ecj-jar=/usr/share/java/eclipse-ecj.jar --enable-objc-gc --enable-multiarch --disable-werror --with-arch-32=i686 --with-abi=m64 --with-multilib-list=m32,m64,mx32 --with-tune=generic --enable-checking=release --build=x86_64-linux-gnu --host=x86_64-linux-gnu --target=x86_64-linux-gnu]
  ignore line: [Thread model: posix]
  ignore line: [gcc version 4.8.2 (Ubuntu 4.8.2-19ubuntu1) ]
  ignore line: [COMPILER_PATH=/usr/lib/gcc/x86_64-linux-gnu/4.8/:/usr/lib/gcc/x86_64-linux-gnu/4.8/:/usr/lib/gcc/x86_64-linux-gnu/:/usr/lib/gcc/x86_64-linux-gnu/4.8/:/usr/lib/gcc/x86_64-linux-gnu/]
  ignore line: [LIBRARY_PATH=/usr/lib/gcc/x86_64-linux-gnu/4.8/:/usr/lib/gcc/x86_64-linux-gnu/4.8/../../../x86_64-linux-gnu/:/usr/lib/gcc/x86_64-linux-gnu/4.8/../../../../lib/:/lib/x86_64-linux-gnu/:/lib/../lib/:/usr/lib/x86_64-linux-gnu/:/usr/lib/../lib/:/usr/lib/gcc/x86_64-linux-gnu/4.8/../../../:/lib/:/usr/lib/]
  ignore line: [COLLECT_GCC_OPTIONS='-v' '-o' 'cmTryCompileExec2085827542' '-rdynamic' '-mtune=generic' '-march=x86-64']
  link line: [ /usr/lib/gcc/x86_64-linux-gnu/4.8/collect2 --sysroot=/ --build-id --eh-frame-hdr -m elf_x86_64 --hash-style=gnu --as-needed -export-dynamic -dynamic-linker /lib64/ld-linux-x86-64.so.2 -z relro -o cmTryCompileExec2085827542 /usr/lib/gcc/x86_64-linux-gnu/4.8/../../../x86_64-linux-gnu/crt1.o /usr/lib/gcc/x86_64-linux-gnu/4.8/../../../x86_64-linux-gnu/crti.o /usr/lib/gcc/x86_64-linux-gnu/4.8/crtbegin.o -L/usr/lib/gcc/x86_64-linux-gnu/4.8 -L/usr/lib/gcc/x86_64-linux-gnu/4.8/../../../x86_64-linux-gnu -L/usr/lib/gcc/x86_64-linux-gnu/4.8/../../../../lib -L/lib/x86_64-linux-gnu -L/lib/../lib -L/usr/lib/x86_64-linux-gnu -L/usr/lib/../lib -L/usr/lib/gcc/x86_64-linux-gnu/4.8/../../.. CMakeFiles/cmTryCompileExec2085827542.dir/CMakeCCompilerABI.c.o -lgcc --as-needed -lgcc_s --no-as-needed -lc -lgcc --as-needed -lgcc_s --no-as-needed /usr/lib/gcc/x86_64-linux-gnu/4.8/crtend.o /usr/lib/gcc/x86_64-linux-gnu/4.8/../../../x86_64-linux-gnu/crtn.o]
    arg [/usr/lib/gcc/x86_64-linux-gnu/4.8/collect2] ==> ignore
    arg [--sysroot=/] ==> ignore
    arg [--build-id] ==> ignore
    arg [--eh-frame-hdr] ==> ignore
    arg [-m] ==> ignore
    arg [elf_x86_64] ==> ignore
    arg [--hash-style=gnu] ==> ignore
    arg [--as-needed] ==> ignore
    arg [-export-dynamic] ==> ignore
    arg [-dynamic-linker] ==> ignore
    arg [/lib64/ld-linux-x86-64.so.2] ==> ignore
    arg [-zrelro] ==> ignore
    arg [-o] ==> ignore
    arg [cmTryCompileExec2085827542] ==> ignore
    arg [/usr/lib/gcc/x86_64-linux-gnu/4.8/../../../x86_64-linux-gnu/crt1.o] ==> ignore
    arg [/usr/lib/gcc/x86_64-linux-gnu/4.8/../../../x86_64-linux-gnu/crti.o] ==> ignore
    arg [/usr/lib/gcc/x86_64-linux-gnu/4.8/crtbegin.o] ==> ignore
    arg [-L/usr/lib/gcc/x86_64-linux-gnu/4.8] ==> dir [/usr/lib/gcc/x86_64-linux-gnu/4.8]
    arg [-L/usr/lib/gcc/x86_64-linux-gnu/4.8/../../../x86_64-linux-gnu] ==> dir [/usr/lib/gcc/x86_64-linux-gnu/4.8/../../../x86_64-linux-gnu]
    arg [-L/usr/lib/gcc/x86_64-linux-gnu/4.8/../../../../lib] ==> dir [/usr/lib/gcc/x86_64-linux-gnu/4.8/../../../../lib]
    arg [-L/lib/x86_64-linux-gnu] ==> dir [/lib/x86_64-linux-gnu]
    arg [-L/lib/../lib] ==> dir [/lib/../lib]
    arg [-L/usr/lib/x86_64-linux-gnu] ==> dir [/usr/lib/x86_64-linux-gnu]
    arg [-L/usr/lib/../lib] ==> dir [/usr/lib/../lib]
    arg [-L/usr/lib/gcc/x86_64-linux-gnu/4.8/../../..] ==> dir [/usr/lib/gcc/x86_64-linux-gnu/4.8/../../..]
    arg [CMakeFiles/cmTryCompileExec2085827542.dir/CMakeCCompilerABI.c.o] ==> ignore
    arg [-lgcc] ==> lib [gcc]
    arg [--as-needed] ==> ignore
    arg [-lgcc_s] ==> lib [gcc_s]
    arg [--no-as-needed] ==> ignore
    arg [-lc] ==> lib [c]
    arg [-lgcc] ==> lib [gcc]
    arg [--as-needed] ==> ignore
    arg [-lgcc_s] ==> lib [gcc_s]
    arg [--no-as-needed] ==> ignore
    arg [/usr/lib/gcc/x86_64-linux-gnu/4.8/crtend.o] ==> ignore
    arg [/usr/lib/gcc/x86_64-linux-gnu/4.8/../../../x86_64-linux-gnu/crtn.o] ==> ignore
  remove lib [gcc]
  remove lib [gcc_s]
  remove lib [gcc]
  remove lib [gcc_s]
  collapse library dir [/usr/lib/gcc/x86_64-linux-gnu/4.8] ==> [/usr/lib/gcc/x86_64-linux-gnu/4.8]
  collapse library dir [/usr/lib/gcc/x86_64-linux-gnu/4.8/../../../x86_64-linux-gnu] ==> [/usr/lib/x86_64-linux-gnu]
  collapse library dir [/usr/lib/gcc/x86_64-linux-gnu/4.8/../../../../lib] ==> [/usr/lib]
  collapse library dir [/lib/x86_64-linux-gnu] ==> [/lib/x86_64-linux-gnu]
  collapse library dir [/lib/../lib] ==> [/lib]
  collapse library dir [/usr/lib/x86_64-linux-gnu] ==> [/usr/lib/x86_64-linux-gnu]
  collapse library dir [/usr/lib/../lib] ==> [/usr/lib]
  collapse library dir [/usr/lib/gcc/x86_64-linux-gnu/4.8/../../..] ==> [/usr/lib]
  implicit libs: [c]
  implicit dirs: [/usr/lib/gcc/x86_64-linux-gnu/4.8;/usr/lib/x86_64-linux-gnu;/usr/lib;/lib/x86_64-linux-gnu;/lib]
  implicit fwks: []


Determining if the CXX compiler works passed with the following output:
Change Dir: /fs02/share/users/alperen.aydin/home/TP_math/maj/AnalyseNumerique/EDO_EDP/01_eigen/eigen_src/eigen/build/CMakeFiles/CMakeTmp

Run Build Command:/usr/bin/make "cmTryCompileExec1583542181/fast"
/usr/bin/make -f CMakeFiles/cmTryCompileExec1583542181.dir/build.make CMakeFiles/cmTryCompileExec1583542181.dir/build
make[1]: entrant dans le répertoire « /fs02/share/users/alperen.aydin/home/TP_math/maj/AnalyseNumerique/EDO_EDP/01_eigen/eigen_src/eigen/build/CMakeFiles/CMakeTmp »
/usr/bin/cmake -E cmake_progress_report /fs02/share/users/alperen.aydin/home/TP_math/maj/AnalyseNumerique/EDO_EDP/01_eigen/eigen_src/eigen/build/CMakeFiles/CMakeTmp/CMakeFiles 1
Building CXX object CMakeFiles/cmTryCompileExec1583542181.dir/testCXXCompiler.cxx.o
/usr/bin/c++     -o CMakeFiles/cmTryCompileExec1583542181.dir/testCXXCompiler.cxx.o -c /fs02/share/users/alperen.aydin/home/TP_math/maj/AnalyseNumerique/EDO_EDP/01_eigen/eigen_src/eigen/build/CMakeFiles/CMakeTmp/testCXXCompiler.cxx
Linking CXX executable cmTryCompileExec1583542181
/usr/bin/cmake -E cmake_link_script CMakeFiles/cmTryCompileExec1583542181.dir/link.txt --verbose=1
/usr/bin/c++        CMakeFiles/cmTryCompileExec1583542181.dir/testCXXCompiler.cxx.o  -o cmTryCompileExec1583542181 -rdynamic 
make[1]: quittant le répertoire « /fs02/share/users/alperen.aydin/home/TP_math/maj/AnalyseNumerique/EDO_EDP/01_eigen/eigen_src/eigen/build/CMakeFiles/CMakeTmp »


Detecting CXX compiler ABI info compiled with the following output:
Change Dir: /fs02/share/users/alperen.aydin/home/TP_math/maj/AnalyseNumerique/EDO_EDP/01_eigen/eigen_src/eigen/build/CMakeFiles/CMakeTmp

Run Build Command:/usr/bin/make "cmTryCompileExec4117297707/fast"
/usr/bin/make -f CMakeFiles/cmTryCompileExec4117297707.dir/build.make CMakeFiles/cmTryCompileExec4117297707.dir/build
make[1]: entrant dans le répertoire « /fs02/share/users/alperen.aydin/home/TP_math/maj/AnalyseNumerique/EDO_EDP/01_eigen/eigen_src/eigen/build/CMakeFiles/CMakeTmp »
/usr/bin/cmake -E cmake_progress_report /fs02/share/users/alperen.aydin/home/TP_math/maj/AnalyseNumerique/EDO_EDP/01_eigen/eigen_src/eigen/build/CMakeFiles/CMakeTmp/CMakeFiles 1
Building CXX object CMakeFiles/cmTryCompileExec4117297707.dir/CMakeCXXCompilerABI.cpp.o
/usr/bin/c++     -o CMakeFiles/cmTryCompileExec4117297707.dir/CMakeCXXCompilerABI.cpp.o -c /usr/share/cmake-2.8/Modules/CMakeCXXCompilerABI.cpp
Linking CXX executable cmTryCompileExec4117297707
/usr/bin/cmake -E cmake_link_script CMakeFiles/cmTryCompileExec4117297707.dir/link.txt --verbose=1
/usr/bin/c++      -v CMakeFiles/cmTryCompileExec4117297707.dir/CMakeCXXCompilerABI.cpp.o  -o cmTryCompileExec4117297707 -rdynamic  
Using built-in specs.
COLLECT_GCC=/usr/bin/c++
COLLECT_LTO_WRAPPER=/usr/lib/gcc/x86_64-linux-gnu/4.8/lto-wrapper
Target: x86_64-linux-gnu
Configured with: ../src/configure -v --with-pkgversion='Ubuntu 4.8.2-19ubuntu1' --with-bugurl=file:///usr/share/doc/gcc-4.8/README.Bugs --enable-languages=c,c++,java,go,d,fortran,objc,obj-c++ --prefix=/usr --program-suffix=-4.8 --enable-shared --enable-linker-build-id --libexecdir=/usr/lib --without-included-gettext --enable-threads=posix --with-gxx-include-dir=/usr/include/c++/4.8 --libdir=/usr/lib --enable-nls --with-sysroot=/ --enable-clocale=gnu --enable-libstdcxx-debug --enable-libstdcxx-time=yes --enable-gnu-unique-object --disable-libmudflap --enable-plugin --with-system-zlib --disable-browser-plugin --enable-java-awt=gtk --enable-gtk-cairo --with-java-home=/usr/lib/jvm/java-1.5.0-gcj-4.8-amd64/jre --enable-java-home --with-jvm-root-dir=/usr/lib/jvm/java-1.5.0-gcj-4.8-amd64 --with-jvm-jar-dir=/usr/lib/jvm-exports/java-1.5.0-gcj-4.8-amd64 --with-arch-directory=amd64 --with-ecj-jar=/usr/share/java/eclipse-ecj.jar --enable-objc-gc --enable-multiarch --disable-werror --with-arch-32=i686 --with-abi=m64 --with-multilib-list=m32,m64,mx32 --with-tune=generic --enable-checking=release --build=x86_64-linux-gnu --host=x86_64-linux-gnu --target=x86_64-linux-gnu
Thread model: posix
gcc version 4.8.2 (Ubuntu 4.8.2-19ubuntu1) 
COMPILER_PATH=/usr/lib/gcc/x86_64-linux-gnu/4.8/:/usr/lib/gcc/x86_64-linux-gnu/4.8/:/usr/lib/gcc/x86_64-linux-gnu/:/usr/lib/gcc/x86_64-linux-gnu/4.8/:/usr/lib/gcc/x86_64-linux-gnu/
LIBRARY_PATH=/usr/lib/gcc/x86_64-linux-gnu/4.8/:/usr/lib/gcc/x86_64-linux-gnu/4.8/../../../x86_64-linux-gnu/:/usr/lib/gcc/x86_64-linux-gnu/4.8/../../../../lib/:/lib/x86_64-linux-gnu/:/lib/../lib/:/usr/lib/x86_64-linux-gnu/:/usr/lib/../lib/:/usr/lib/gcc/x86_64-linux-gnu/4.8/../../../:/lib/:/usr/lib/
COLLECT_GCC_OPTIONS='-v' '-o' 'cmTryCompileExec4117297707' '-rdynamic' '-shared-libgcc' '-mtune=generic' '-march=x86-64'
 /usr/lib/gcc/x86_64-linux-gnu/4.8/collect2 --sysroot=/ --build-id --eh-frame-hdr -m elf_x86_64 --hash-style=gnu --as-needed -export-dynamic -dynamic-linker /lib64/ld-linux-x86-64.so.2 -z relro -o cmTryCompileExec4117297707 /usr/lib/gcc/x86_64-linux-gnu/4.8/../../../x86_64-linux-gnu/crt1.o /usr/lib/gcc/x86_64-linux-gnu/4.8/../../../x86_64-linux-gnu/crti.o /usr/lib/gcc/x86_64-linux-gnu/4.8/crtbegin.o -L/usr/lib/gcc/x86_64-linux-gnu/4.8 -L/usr/lib/gcc/x86_64-linux-gnu/4.8/../../../x86_64-linux-gnu -L/usr/lib/gcc/x86_64-linux-gnu/4.8/../../../../lib -L/lib/x86_64-linux-gnu -L/lib/../lib -L/usr/lib/x86_64-linux-gnu -L/usr/lib/../lib -L/usr/lib/gcc/x86_64-linux-gnu/4.8/../../.. CMakeFiles/cmTryCompileExec4117297707.dir/CMakeCXXCompilerABI.cpp.o -lstdc++ -lm -lgcc_s -lgcc -lc -lgcc_s -lgcc /usr/lib/gcc/x86_64-linux-gnu/4.8/crtend.o /usr/lib/gcc/x86_64-linux-gnu/4.8/../../../x86_64-linux-gnu/crtn.o
make[1]: quittant le répertoire « /fs02/share/users/alperen.aydin/home/TP_math/maj/AnalyseNumerique/EDO_EDP/01_eigen/eigen_src/eigen/build/CMakeFiles/CMakeTmp »


Parsed CXX implicit link information from above output:
  link line regex: [^( *|.*[/\])(ld|([^/\]+-)?ld|collect2)[^/\]*( |$)]
  ignore line: [Change Dir: /fs02/share/users/alperen.aydin/home/TP_math/maj/AnalyseNumerique/EDO_EDP/01_eigen/eigen_src/eigen/build/CMakeFiles/CMakeTmp]
  ignore line: []
  ignore line: [Run Build Command:/usr/bin/make "cmTryCompileExec4117297707/fast"]
  ignore line: [/usr/bin/make -f CMakeFiles/cmTryCompileExec4117297707.dir/build.make CMakeFiles/cmTryCompileExec4117297707.dir/build]
  ignore line: [make[1]: entrant dans le répertoire « /fs02/share/users/alperen.aydin/home/TP_math/maj/AnalyseNumerique/EDO_EDP/01_eigen/eigen_src/eigen/build/CMakeFiles/CMakeTmp »]
  ignore line: [/usr/bin/cmake -E cmake_progress_report /fs02/share/users/alperen.aydin/home/TP_math/maj/AnalyseNumerique/EDO_EDP/01_eigen/eigen_src/eigen/build/CMakeFiles/CMakeTmp/CMakeFiles 1]
  ignore line: [Building CXX object CMakeFiles/cmTryCompileExec4117297707.dir/CMakeCXXCompilerABI.cpp.o]
  ignore line: [/usr/bin/c++     -o CMakeFiles/cmTryCompileExec4117297707.dir/CMakeCXXCompilerABI.cpp.o -c /usr/share/cmake-2.8/Modules/CMakeCXXCompilerABI.cpp]
  ignore line: [Linking CXX executable cmTryCompileExec4117297707]
  ignore line: [/usr/bin/cmake -E cmake_link_script CMakeFiles/cmTryCompileExec4117297707.dir/link.txt --verbose=1]
  ignore line: [/usr/bin/c++      -v CMakeFiles/cmTryCompileExec4117297707.dir/CMakeCXXCompilerABI.cpp.o  -o cmTryCompileExec4117297707 -rdynamic  ]
  ignore line: [Using built-in specs.]
  ignore line: [COLLECT_GCC=/usr/bin/c++]
  ignore line: [COLLECT_LTO_WRAPPER=/usr/lib/gcc/x86_64-linux-gnu/4.8/lto-wrapper]
  ignore line: [Target: x86_64-linux-gnu]
  ignore line: [Configured with: ../src/configure -v --with-pkgversion='Ubuntu 4.8.2-19ubuntu1' --with-bugurl=file:///usr/share/doc/gcc-4.8/README.Bugs --enable-languages=c,c++,java,go,d,fortran,objc,obj-c++ --prefix=/usr --program-suffix=-4.8 --enable-shared --enable-linker-build-id --libexecdir=/usr/lib --without-included-gettext --enable-threads=posix --with-gxx-include-dir=/usr/include/c++/4.8 --libdir=/usr/lib --enable-nls --with-sysroot=/ --enable-clocale=gnu --enable-libstdcxx-debug --enable-libstdcxx-time=yes --enable-gnu-unique-object --disable-libmudflap --enable-plugin --with-system-zlib --disable-browser-plugin --enable-java-awt=gtk --enable-gtk-cairo --with-java-home=/usr/lib/jvm/java-1.5.0-gcj-4.8-amd64/jre --enable-java-home --with-jvm-root-dir=/usr/lib/jvm/java-1.5.0-gcj-4.8-amd64 --with-jvm-jar-dir=/usr/lib/jvm-exports/java-1.5.0-gcj-4.8-amd64 --with-arch-directory=amd64 --with-ecj-jar=/usr/share/java/eclipse-ecj.jar --enable-objc-gc --enable-multiarch --disable-werror --with-arch-32=i686 --with-abi=m64 --with-multilib-list=m32,m64,mx32 --with-tune=generic --enable-checking=release --build=x86_64-linux-gnu --host=x86_64-linux-gnu --target=x86_64-linux-gnu]
  ignore line: [Thread model: posix]
  ignore line: [gcc version 4.8.2 (Ubuntu 4.8.2-19ubuntu1) ]
  ignore line: [COMPILER_PATH=/usr/lib/gcc/x86_64-linux-gnu/4.8/:/usr/lib/gcc/x86_64-linux-gnu/4.8/:/usr/lib/gcc/x86_64-linux-gnu/:/usr/lib/gcc/x86_64-linux-gnu/4.8/:/usr/lib/gcc/x86_64-linux-gnu/]
  ignore line: [LIBRARY_PATH=/usr/lib/gcc/x86_64-linux-gnu/4.8/:/usr/lib/gcc/x86_64-linux-gnu/4.8/../../../x86_64-linux-gnu/:/usr/lib/gcc/x86_64-linux-gnu/4.8/../../../../lib/:/lib/x86_64-linux-gnu/:/lib/../lib/:/usr/lib/x86_64-linux-gnu/:/usr/lib/../lib/:/usr/lib/gcc/x86_64-linux-gnu/4.8/../../../:/lib/:/usr/lib/]
  ignore line: [COLLECT_GCC_OPTIONS='-v' '-o' 'cmTryCompileExec4117297707' '-rdynamic' '-shared-libgcc' '-mtune=generic' '-march=x86-64']
  link line: [ /usr/lib/gcc/x86_64-linux-gnu/4.8/collect2 --sysroot=/ --build-id --eh-frame-hdr -m elf_x86_64 --hash-style=gnu --as-needed -export-dynamic -dynamic-linker /lib64/ld-linux-x86-64.so.2 -z relro -o cmTryCompileExec4117297707 /usr/lib/gcc/x86_64-linux-gnu/4.8/../../../x86_64-linux-gnu/crt1.o /usr/lib/gcc/x86_64-linux-gnu/4.8/../../../x86_64-linux-gnu/crti.o /usr/lib/gcc/x86_64-linux-gnu/4.8/crtbegin.o -L/usr/lib/gcc/x86_64-linux-gnu/4.8 -L/usr/lib/gcc/x86_64-linux-gnu/4.8/../../../x86_64-linux-gnu -L/usr/lib/gcc/x86_64-linux-gnu/4.8/../../../../lib -L/lib/x86_64-linux-gnu -L/lib/../lib -L/usr/lib/x86_64-linux-gnu -L/usr/lib/../lib -L/usr/lib/gcc/x86_64-linux-gnu/4.8/../../.. CMakeFiles/cmTryCompileExec4117297707.dir/CMakeCXXCompilerABI.cpp.o -lstdc++ -lm -lgcc_s -lgcc -lc -lgcc_s -lgcc /usr/lib/gcc/x86_64-linux-gnu/4.8/crtend.o /usr/lib/gcc/x86_64-linux-gnu/4.8/../../../x86_64-linux-gnu/crtn.o]
    arg [/usr/lib/gcc/x86_64-linux-gnu/4.8/collect2] ==> ignore
    arg [--sysroot=/] ==> ignore
    arg [--build-id] ==> ignore
    arg [--eh-frame-hdr] ==> ignore
    arg [-m] ==> ignore
    arg [elf_x86_64] ==> ignore
    arg [--hash-style=gnu] ==> ignore
    arg [--as-needed] ==> ignore
    arg [-export-dynamic] ==> ignore
    arg [-dynamic-linker] ==> ignore
    arg [/lib64/ld-linux-x86-64.so.2] ==> ignore
    arg [-zrelro] ==> ignore
    arg [-o] ==> ignore
    arg [cmTryCompileExec4117297707] ==> ignore
    arg [/usr/lib/gcc/x86_64-linux-gnu/4.8/../../../x86_64-linux-gnu/crt1.o] ==> ignore
    arg [/usr/lib/gcc/x86_64-linux-gnu/4.8/../../../x86_64-linux-gnu/crti.o] ==> ignore
    arg [/usr/lib/gcc/x86_64-linux-gnu/4.8/crtbegin.o] ==> ignore
    arg [-L/usr/lib/gcc/x86_64-linux-gnu/4.8] ==> dir [/usr/lib/gcc/x86_64-linux-gnu/4.8]
    arg [-L/usr/lib/gcc/x86_64-linux-gnu/4.8/../../../x86_64-linux-gnu] ==> dir [/usr/lib/gcc/x86_64-linux-gnu/4.8/../../../x86_64-linux-gnu]
    arg [-L/usr/lib/gcc/x86_64-linux-gnu/4.8/../../../../lib] ==> dir [/usr/lib/gcc/x86_64-linux-gnu/4.8/../../../../lib]
    arg [-L/lib/x86_64-linux-gnu] ==> dir [/lib/x86_64-linux-gnu]
    arg [-L/lib/../lib] ==> dir [/lib/../lib]
    arg [-L/usr/lib/x86_64-linux-gnu] ==> dir [/usr/lib/x86_64-linux-gnu]
    arg [-L/usr/lib/../lib] ==> dir [/usr/lib/../lib]
    arg [-L/usr/lib/gcc/x86_64-linux-gnu/4.8/../../..] ==> dir [/usr/lib/gcc/x86_64-linux-gnu/4.8/../../..]
    arg [CMakeFiles/cmTryCompileExec4117297707.dir/CMakeCXXCompilerABI.cpp.o] ==> ignore
    arg [-lstdc++] ==> lib [stdc++]
    arg [-lm] ==> lib [m]
    arg [-lgcc_s] ==> lib [gcc_s]
    arg [-lgcc] ==> lib [gcc]
    arg [-lc] ==> lib [c]
    arg [-lgcc_s] ==> lib [gcc_s]
    arg [-lgcc] ==> lib [gcc]
    arg [/usr/lib/gcc/x86_64-linux-gnu/4.8/crtend.o] ==> ignore
    arg [/usr/lib/gcc/x86_64-linux-gnu/4.8/../../../x86_64-linux-gnu/crtn.o] ==> ignore
  remove lib [gcc_s]
  remove lib [gcc]
  remove lib [gcc_s]
  remove lib [gcc]
  collapse library dir [/usr/lib/gcc/x86_64-linux-gnu/4.8] ==> [/usr/lib/gcc/x86_64-linux-gnu/4.8]
  collapse library dir [/usr/lib/gcc/x86_64-linux-gnu/4.8/../../../x86_64-linux-gnu] ==> [/usr/lib/x86_64-linux-gnu]
  collapse library dir [/usr/lib/gcc/x86_64-linux-gnu/4.8/../../../../lib] ==> [/usr/lib]
  collapse library dir [/lib/x86_64-linux-gnu] ==> [/lib/x86_64-linux-gnu]
  collapse library dir [/lib/../lib] ==> [/lib]
  collapse library dir [/usr/lib/x86_64-linux-gnu] ==> [/usr/lib/x86_64-linux-gnu]
  collapse library dir [/usr/lib/../lib] ==> [/usr/lib]
  collapse library dir [/usr/lib/gcc/x86_64-linux-gnu/4.8/../../..] ==> [/usr/lib]
  implicit libs: [stdc++;m;c]
  implicit dirs: [/usr/lib/gcc/x86_64-linux-gnu/4.8;/usr/lib/x86_64-linux-gnu;/usr/lib;/lib/x86_64-linux-gnu;/lib]
  implicit fwks: []


Performing C++ SOURCE FILE Test standard_math_library_linked_to_automatically succeded with the following output:
Change Dir: /fs02/share/users/alperen.aydin/home/TP_math/maj/AnalyseNumerique/EDO_EDP/01_eigen/eigen_src/eigen/build/CMakeFiles/CMakeTmp

Run Build Command:/usr/bin/make "cmTryCompileExec4224289673/fast"
/usr/bin/make -f CMakeFiles/cmTryCompileExec4224289673.dir/build.make CMakeFiles/cmTryCompileExec4224289673.dir/build
make[1]: entrant dans le répertoire « /fs02/share/users/alperen.aydin/home/TP_math/maj/AnalyseNumerique/EDO_EDP/01_eigen/eigen_src/eigen/build/CMakeFiles/CMakeTmp »
/usr/bin/cmake -E cmake_progress_report /fs02/share/users/alperen.aydin/home/TP_math/maj/AnalyseNumerique/EDO_EDP/01_eigen/eigen_src/eigen/build/CMakeFiles/CMakeTmp/CMakeFiles 1
Building CXX object CMakeFiles/cmTryCompileExec4224289673.dir/src.cxx.o
/usr/bin/c++    -Dstandard_math_library_linked_to_automatically   -o CMakeFiles/cmTryCompileExec4224289673.dir/src.cxx.o -c /fs02/share/users/alperen.aydin/home/TP_math/maj/AnalyseNumerique/EDO_EDP/01_eigen/eigen_src/eigen/build/CMakeFiles/CMakeTmp/src.cxx
Linking CXX executable cmTryCompileExec4224289673
/usr/bin/cmake -E cmake_link_script CMakeFiles/cmTryCompileExec4224289673.dir/link.txt --verbose=1
/usr/bin/c++    -Dstandard_math_library_linked_to_automatically    CMakeFiles/cmTryCompileExec4224289673.dir/src.cxx.o  -o cmTryCompileExec4224289673 -rdynamic 
make[1]: quittant le répertoire « /fs02/share/users/alperen.aydin/home/TP_math/maj/AnalyseNumerique/EDO_EDP/01_eigen/eigen_src/eigen/build/CMakeFiles/CMakeTmp »

Source file was:
#include<cmath>
int main() { std::sin(0.0); std::log(0.0f); }
Performing C++ SOURCE FILE Test COMPILER_SUPPORT_WERROR succeded with the following output:
Change Dir: /fs02/share/users/alperen.aydin/home/TP_math/maj/AnalyseNumerique/EDO_EDP/01_eigen/eigen_src/eigen/build/CMakeFiles/CMakeTmp

Run Build Command:/usr/bin/make "cmTryCompileExec2083159603/fast"
/usr/bin/make -f CMakeFiles/cmTryCompileExec2083159603.dir/build.make CMakeFiles/cmTryCompileExec2083159603.dir/build
make[1]: Entering directory `/fs02/share/users/alperen.aydin/home/TP_math/maj/AnalyseNumerique/EDO_EDP/01_eigen/eigen_src/eigen/build/CMakeFiles/CMakeTmp'
/usr/bin/cmake -E cmake_progress_report /fs02/share/users/alperen.aydin/home/TP_math/maj/AnalyseNumerique/EDO_EDP/01_eigen/eigen_src/eigen/build/CMakeFiles/CMakeTmp/CMakeFiles 1
Building CXX object CMakeFiles/cmTryCompileExec2083159603.dir/src.cxx.o
/usr/bin/c++    -fexceptions -DCOMPILER_SUPPORT_WERROR   -Werror -o CMakeFiles/cmTryCompileExec2083159603.dir/src.cxx.o -c /fs02/share/users/alperen.aydin/home/TP_math/maj/AnalyseNumerique/EDO_EDP/01_eigen/eigen_src/eigen/build/CMakeFiles/CMakeTmp/src.cxx
Linking CXX executable cmTryCompileExec2083159603
/usr/bin/cmake -E cmake_link_script CMakeFiles/cmTryCompileExec2083159603.dir/link.txt --verbose=1
/usr/bin/c++    -fexceptions -DCOMPILER_SUPPORT_WERROR    CMakeFiles/cmTryCompileExec2083159603.dir/src.cxx.o  -o cmTryCompileExec2083159603 -rdynamic 
make[1]: Leaving directory `/fs02/share/users/alperen.aydin/home/TP_math/maj/AnalyseNumerique/EDO_EDP/01_eigen/eigen_src/eigen/build/CMakeFiles/CMakeTmp'

Source file was:
int main() { return 0;}
Performing C++ SOURCE FILE Test COMPILER_SUPPORT_pedantic succeded with the following output:
Change Dir: /fs02/share/users/alperen.aydin/home/TP_math/maj/AnalyseNumerique/EDO_EDP/01_eigen/eigen_src/eigen/build/CMakeFiles/CMakeTmp

Run Build Command:/usr/bin/make "cmTryCompileExec2532487219/fast"
/usr/bin/make -f CMakeFiles/cmTryCompileExec2532487219.dir/build.make CMakeFiles/cmTryCompileExec2532487219.dir/build
make[1]: Entering directory `/fs02/share/users/alperen.aydin/home/TP_math/maj/AnalyseNumerique/EDO_EDP/01_eigen/eigen_src/eigen/build/CMakeFiles/CMakeTmp'
/usr/bin/cmake -E cmake_progress_report /fs02/share/users/alperen.aydin/home/TP_math/maj/AnalyseNumerique/EDO_EDP/01_eigen/eigen_src/eigen/build/CMakeFiles/CMakeTmp/CMakeFiles 1
Building CXX object CMakeFiles/cmTryCompileExec2532487219.dir/src.cxx.o
/usr/bin/c++    -fexceptions -DCOMPILER_SUPPORT_pedantic -Werror   -pedantic -o CMakeFiles/cmTryCompileExec2532487219.dir/src.cxx.o -c /fs02/share/users/alperen.aydin/home/TP_math/maj/AnalyseNumerique/EDO_EDP/01_eigen/eigen_src/eigen/build/CMakeFiles/CMakeTmp/src.cxx
Linking CXX executable cmTryCompileExec2532487219
/usr/bin/cmake -E cmake_link_script CMakeFiles/cmTryCompileExec2532487219.dir/link.txt --verbose=1
/usr/bin/c++    -fexceptions -DCOMPILER_SUPPORT_pedantic -Werror    CMakeFiles/cmTryCompileExec2532487219.dir/src.cxx.o  -o cmTryCompileExec2532487219 -rdynamic 
make[1]: Leaving directory `/fs02/share/users/alperen.aydin/home/TP_math/maj/AnalyseNumerique/EDO_EDP/01_eigen/eigen_src/eigen/build/CMakeFiles/CMakeTmp'

Source file was:
int main() { return 0;}
Performing C++ SOURCE FILE Test COMPILER_SUPPORT_Wall succeded with the following output:
Change Dir: /fs02/share/users/alperen.aydin/home/TP_math/maj/AnalyseNumerique/EDO_EDP/01_eigen/eigen_src/eigen/build/CMakeFiles/CMakeTmp

Run Build Command:/usr/bin/make "cmTryCompileExec2500911674/fast"
/usr/bin/make -f CMakeFiles/cmTryCompileExec2500911674.dir/build.make CMakeFiles/cmTryCompileExec2500911674.dir/build
make[1]: Entering directory `/fs02/share/users/alperen.aydin/home/TP_math/maj/AnalyseNumerique/EDO_EDP/01_eigen/eigen_src/eigen/build/CMakeFiles/CMakeTmp'
/usr/bin/cmake -E cmake_progress_report /fs02/share/users/alperen.aydin/home/TP_math/maj/AnalyseNumerique/EDO_EDP/01_eigen/eigen_src/eigen/build/CMakeFiles/CMakeTmp/CMakeFiles 1
Building CXX object CMakeFiles/cmTryCompileExec2500911674.dir/src.cxx.o
/usr/bin/c++    -fexceptions -pedantic -DCOMPILER_SUPPORT_Wall -Werror   -Wall -o CMakeFiles/cmTryCompileExec2500911674.dir/src.cxx.o -c /fs02/share/users/alperen.aydin/home/TP_math/maj/AnalyseNumerique/EDO_EDP/01_eigen/eigen_src/eigen/build/CMakeFiles/CMakeTmp/src.cxx
Linking CXX executable cmTryCompileExec2500911674
/usr/bin/cmake -E cmake_link_script CMakeFiles/cmTryCompileExec2500911674.dir/link.txt --verbose=1
/usr/bin/c++    -fexceptions -pedantic -DCOMPILER_SUPPORT_Wall -Werror    CMakeFiles/cmTryCompileExec2500911674.dir/src.cxx.o  -o cmTryCompileExec2500911674 -rdynamic 
make[1]: Leaving directory `/fs02/share/users/alperen.aydin/home/TP_math/maj/AnalyseNumerique/EDO_EDP/01_eigen/eigen_src/eigen/build/CMakeFiles/CMakeTmp'

Source file was:
int main() { return 0;}
Performing C++ SOURCE FILE Test COMPILER_SUPPORT_Wextra succeded with the following output:
Change Dir: /fs02/share/users/alperen.aydin/home/TP_math/maj/AnalyseNumerique/EDO_EDP/01_eigen/eigen_src/eigen/build/CMakeFiles/CMakeTmp

Run Build Command:/usr/bin/make "cmTryCompileExec61966389/fast"
/usr/bin/make -f CMakeFiles/cmTryCompileExec61966389.dir/build.make CMakeFiles/cmTryCompileExec61966389.dir/build
make[1]: Entering directory `/fs02/share/users/alperen.aydin/home/TP_math/maj/AnalyseNumerique/EDO_EDP/01_eigen/eigen_src/eigen/build/CMakeFiles/CMakeTmp'
/usr/bin/cmake -E cmake_progress_report /fs02/share/users/alperen.aydin/home/TP_math/maj/AnalyseNumerique/EDO_EDP/01_eigen/eigen_src/eigen/build/CMakeFiles/CMakeTmp/CMakeFiles 1
Building CXX object CMakeFiles/cmTryCompileExec61966389.dir/src.cxx.o
/usr/bin/c++    -fexceptions -pedantic -Wall -DCOMPILER_SUPPORT_Wextra -Werror   -Wextra -o CMakeFiles/cmTryCompileExec61966389.dir/src.cxx.o -c /fs02/share/users/alperen.aydin/home/TP_math/maj/AnalyseNumerique/EDO_EDP/01_eigen/eigen_src/eigen/build/CMakeFiles/CMakeTmp/src.cxx
Linking CXX executable cmTryCompileExec61966389
/usr/bin/cmake -E cmake_link_script CMakeFiles/cmTryCompileExec61966389.dir/link.txt --verbose=1
/usr/bin/c++    -fexceptions -pedantic -Wall -DCOMPILER_SUPPORT_Wextra -Werror    CMakeFiles/cmTryCompileExec61966389.dir/src.cxx.o  -o cmTryCompileExec61966389 -rdynamic 
make[1]: Leaving directory `/fs02/share/users/alperen.aydin/home/TP_math/maj/AnalyseNumerique/EDO_EDP/01_eigen/eigen_src/eigen/build/CMakeFiles/CMakeTmp'

Source file was:
int main() { return 0;}
Performing C++ SOURCE FILE Test COMPILER_SUPPORT_Wundef succeded with the following output:
Change Dir: /fs02/share/users/alperen.aydin/home/TP_math/maj/AnalyseNumerique/EDO_EDP/01_eigen/eigen_src/eigen/build/CMakeFiles/CMakeTmp

Run Build Command:/usr/bin/make "cmTryCompileExec1773215860/fast"
/usr/bin/make -f CMakeFiles/cmTryCompileExec1773215860.dir/build.make CMakeFiles/cmTryCompileExec1773215860.dir/build
make[1]: Entering directory `/fs02/share/users/alperen.aydin/home/TP_math/maj/AnalyseNumerique/EDO_EDP/01_eigen/eigen_src/eigen/build/CMakeFiles/CMakeTmp'
/usr/bin/cmake -E cmake_progress_report /fs02/share/users/alperen.aydin/home/TP_math/maj/AnalyseNumerique/EDO_EDP/01_eigen/eigen_src/eigen/build/CMakeFiles/CMakeTmp/CMakeFiles 1
Building CXX object CMakeFiles/cmTryCompileExec1773215860.dir/src.cxx.o
/usr/bin/c++    -fexceptions -pedantic -Wall -Wextra -DCOMPILER_SUPPORT_Wundef -Werror   -Wundef -o CMakeFiles/cmTryCompileExec1773215860.dir/src.cxx.o -c /fs02/share/users/alperen.aydin/home/TP_math/maj/AnalyseNumerique/EDO_EDP/01_eigen/eigen_src/eigen/build/CMakeFiles/CMakeTmp/src.cxx
Linking CXX executable cmTryCompileExec1773215860
/usr/bin/cmake -E cmake_link_script CMakeFiles/cmTryCompileExec1773215860.dir/link.txt --verbose=1
/usr/bin/c++    -fexceptions -pedantic -Wall -Wextra -DCOMPILER_SUPPORT_Wundef -Werror    CMakeFiles/cmTryCompileExec1773215860.dir/src.cxx.o  -o cmTryCompileExec1773215860 -rdynamic 
make[1]: Leaving directory `/fs02/share/users/alperen.aydin/home/TP_math/maj/AnalyseNumerique/EDO_EDP/01_eigen/eigen_src/eigen/build/CMakeFiles/CMakeTmp'

Source file was:
int main() { return 0;}
Performing C++ SOURCE FILE Test COMPILER_SUPPORT_Wcastalign succeded with the following output:
Change Dir: /fs02/share/users/alperen.aydin/home/TP_math/maj/AnalyseNumerique/EDO_EDP/01_eigen/eigen_src/eigen/build/CMakeFiles/CMakeTmp

Run Build Command:/usr/bin/make "cmTryCompileExec3640692986/fast"
/usr/bin/make -f CMakeFiles/cmTryCompileExec3640692986.dir/build.make CMakeFiles/cmTryCompileExec3640692986.dir/build
make[1]: Entering directory `/fs02/share/users/alperen.aydin/home/TP_math/maj/AnalyseNumerique/EDO_EDP/01_eigen/eigen_src/eigen/build/CMakeFiles/CMakeTmp'
/usr/bin/cmake -E cmake_progress_report /fs02/share/users/alperen.aydin/home/TP_math/maj/AnalyseNumerique/EDO_EDP/01_eigen/eigen_src/eigen/build/CMakeFiles/CMakeTmp/CMakeFiles 1
Building CXX object CMakeFiles/cmTryCompileExec3640692986.dir/src.cxx.o
/usr/bin/c++    -fexceptions -pedantic -Wall -Wextra -Wundef -DCOMPILER_SUPPORT_Wcastalign -Werror   -Wcast-align -o CMakeFiles/cmTryCompileExec3640692986.dir/src.cxx.o -c /fs02/share/users/alperen.aydin/home/TP_math/maj/AnalyseNumerique/EDO_EDP/01_eigen/eigen_src/eigen/build/CMakeFiles/CMakeTmp/src.cxx
Linking CXX executable cmTryCompileExec3640692986
/usr/bin/cmake -E cmake_link_script CMakeFiles/cmTryCompileExec3640692986.dir/link.txt --verbose=1
/usr/bin/c++    -fexceptions -pedantic -Wall -Wextra -Wundef -DCOMPILER_SUPPORT_Wcastalign -Werror    CMakeFiles/cmTryCompileExec3640692986.dir/src.cxx.o  -o cmTryCompileExec3640692986 -rdynamic 
make[1]: Leaving directory `/fs02/share/users/alperen.aydin/home/TP_math/maj/AnalyseNumerique/EDO_EDP/01_eigen/eigen_src/eigen/build/CMakeFiles/CMakeTmp'

Source file was:
int main() { return 0;}
Performing C++ SOURCE FILE Test COMPILER_SUPPORT_Wcharsubscripts succeded with the following output:
Change Dir: /fs02/share/users/alperen.aydin/home/TP_math/maj/AnalyseNumerique/EDO_EDP/01_eigen/eigen_src/eigen/build/CMakeFiles/CMakeTmp

Run Build Command:/usr/bin/make "cmTryCompileExec4131522946/fast"
/usr/bin/make -f CMakeFiles/cmTryCompileExec4131522946.dir/build.make CMakeFiles/cmTryCompileExec4131522946.dir/build
make[1]: Entering directory `/fs02/share/users/alperen.aydin/home/TP_math/maj/AnalyseNumerique/EDO_EDP/01_eigen/eigen_src/eigen/build/CMakeFiles/CMakeTmp'
/usr/bin/cmake -E cmake_progress_report /fs02/share/users/alperen.aydin/home/TP_math/maj/AnalyseNumerique/EDO_EDP/01_eigen/eigen_src/eigen/build/CMakeFiles/CMakeTmp/CMakeFiles 1
Building CXX object CMakeFiles/cmTryCompileExec4131522946.dir/src.cxx.o
/usr/bin/c++    -fexceptions -pedantic -Wall -Wextra -Wundef -Wcast-align -DCOMPILER_SUPPORT_Wcharsubscripts -Werror   -Wchar-subscripts -o CMakeFiles/cmTryCompileExec4131522946.dir/src.cxx.o -c /fs02/share/users/alperen.aydin/home/TP_math/maj/AnalyseNumerique/EDO_EDP/01_eigen/eigen_src/eigen/build/CMakeFiles/CMakeTmp/src.cxx
Linking CXX executable cmTryCompileExec4131522946
/usr/bin/cmake -E cmake_link_script CMakeFiles/cmTryCompileExec4131522946.dir/link.txt --verbose=1
/usr/bin/c++    -fexceptions -pedantic -Wall -Wextra -Wundef -Wcast-align -DCOMPILER_SUPPORT_Wcharsubscripts -Werror    CMakeFiles/cmTryCompileExec4131522946.dir/src.cxx.o  -o cmTryCompileExec4131522946 -rdynamic 
make[1]: Leaving directory `/fs02/share/users/alperen.aydin/home/TP_math/maj/AnalyseNumerique/EDO_EDP/01_eigen/eigen_src/eigen/build/CMakeFiles/CMakeTmp'

Source file was:
int main() { return 0;}
Performing C++ SOURCE FILE Test COMPILER_SUPPORT_Wnonvirtualdtor succeded with the following output:
Change Dir: /fs02/share/users/alperen.aydin/home/TP_math/maj/AnalyseNumerique/EDO_EDP/01_eigen/eigen_src/eigen/build/CMakeFiles/CMakeTmp

Run Build Command:/usr/bin/make "cmTryCompileExec1418986623/fast"
/usr/bin/make -f CMakeFiles/cmTryCompileExec1418986623.dir/build.make CMakeFiles/cmTryCompileExec1418986623.dir/build
make[1]: Entering directory `/fs02/share/users/alperen.aydin/home/TP_math/maj/AnalyseNumerique/EDO_EDP/01_eigen/eigen_src/eigen/build/CMakeFiles/CMakeTmp'
/usr/bin/cmake -E cmake_progress_report /fs02/share/users/alperen.aydin/home/TP_math/maj/AnalyseNumerique/EDO_EDP/01_eigen/eigen_src/eigen/build/CMakeFiles/CMakeTmp/CMakeFiles 1
Building CXX object CMakeFiles/cmTryCompileExec1418986623.dir/src.cxx.o
/usr/bin/c++    -fexceptions -pedantic -Wall -Wextra -Wundef -Wcast-align -Wchar-subscripts -DCOMPILER_SUPPORT_Wnonvirtualdtor -Werror   -Wnon-virtual-dtor -o CMakeFiles/cmTryCompileExec1418986623.dir/src.cxx.o -c /fs02/share/users/alperen.aydin/home/TP_math/maj/AnalyseNumerique/EDO_EDP/01_eigen/eigen_src/eigen/build/CMakeFiles/CMakeTmp/src.cxx
Linking CXX executable cmTryCompileExec1418986623
/usr/bin/cmake -E cmake_link_script CMakeFiles/cmTryCompileExec1418986623.dir/link.txt --verbose=1
/usr/bin/c++    -fexceptions -pedantic -Wall -Wextra -Wundef -Wcast-align -Wchar-subscripts -DCOMPILER_SUPPORT_Wnonvirtualdtor -Werror    CMakeFiles/cmTryCompileExec1418986623.dir/src.cxx.o  -o cmTryCompileExec1418986623 -rdynamic 
make[1]: Leaving directory `/fs02/share/users/alperen.aydin/home/TP_math/maj/AnalyseNumerique/EDO_EDP/01_eigen/eigen_src/eigen/build/CMakeFiles/CMakeTmp'

Source file was:
int main() { return 0;}
Performing C++ SOURCE FILE Test COMPILER_SUPPORT_Wunusedlocaltypedefs succeded with the following output:
Change Dir: /fs02/share/users/alperen.aydin/home/TP_math/maj/AnalyseNumerique/EDO_EDP/01_eigen/eigen_src/eigen/build/CMakeFiles/CMakeTmp

Run Build Command:/usr/bin/make "cmTryCompileExec2878192682/fast"
/usr/bin/make -f CMakeFiles/cmTryCompileExec2878192682.dir/build.make CMakeFiles/cmTryCompileExec2878192682.dir/build
make[1]: Entering directory `/fs02/share/users/alperen.aydin/home/TP_math/maj/AnalyseNumerique/EDO_EDP/01_eigen/eigen_src/eigen/build/CMakeFiles/CMakeTmp'
/usr/bin/cmake -E cmake_progress_report /fs02/share/users/alperen.aydin/home/TP_math/maj/AnalyseNumerique/EDO_EDP/01_eigen/eigen_src/eigen/build/CMakeFiles/CMakeTmp/CMakeFiles 1
Building CXX object CMakeFiles/cmTryCompileExec2878192682.dir/src.cxx.o
/usr/bin/c++    -fexceptions -pedantic -Wall -Wextra -Wundef -Wcast-align -Wchar-subscripts -Wnon-virtual-dtor -DCOMPILER_SUPPORT_Wunusedlocaltypedefs -Werror   -Wunused-local-typedefs -o CMakeFiles/cmTryCompileExec2878192682.dir/src.cxx.o -c /fs02/share/users/alperen.aydin/home/TP_math/maj/AnalyseNumerique/EDO_EDP/01_eigen/eigen_src/eigen/build/CMakeFiles/CMakeTmp/src.cxx
Linking CXX executable cmTryCompileExec2878192682
/usr/bin/cmake -E cmake_link_script CMakeFiles/cmTryCompileExec2878192682.dir/link.txt --verbose=1
/usr/bin/c++    -fexceptions -pedantic -Wall -Wextra -Wundef -Wcast-align -Wchar-subscripts -Wnon-virtual-dtor -DCOMPILER_SUPPORT_Wunusedlocaltypedefs -Werror    CMakeFiles/cmTryCompileExec2878192682.dir/src.cxx.o  -o cmTryCompileExec2878192682 -rdynamic 
make[1]: Leaving directory `/fs02/share/users/alperen.aydin/home/TP_math/maj/AnalyseNumerique/EDO_EDP/01_eigen/eigen_src/eigen/build/CMakeFiles/CMakeTmp'

Source file was:
int main() { return 0;}
Performing C++ SOURCE FILE Test COMPILER_SUPPORT_Wpointerarith succeded with the following output:
Change Dir: /fs02/share/users/alperen.aydin/home/TP_math/maj/AnalyseNumerique/EDO_EDP/01_eigen/eigen_src/eigen/build/CMakeFiles/CMakeTmp

Run Build Command:/usr/bin/make "cmTryCompileExec2015731987/fast"
/usr/bin/make -f CMakeFiles/cmTryCompileExec2015731987.dir/build.make CMakeFiles/cmTryCompileExec2015731987.dir/build
make[1]: Entering directory `/fs02/share/users/alperen.aydin/home/TP_math/maj/AnalyseNumerique/EDO_EDP/01_eigen/eigen_src/eigen/build/CMakeFiles/CMakeTmp'
/usr/bin/cmake -E cmake_progress_report /fs02/share/users/alperen.aydin/home/TP_math/maj/AnalyseNumerique/EDO_EDP/01_eigen/eigen_src/eigen/build/CMakeFiles/CMakeTmp/CMakeFiles 1
Building CXX object CMakeFiles/cmTryCompileExec2015731987.dir/src.cxx.o
/usr/bin/c++    -fexceptions -pedantic -Wall -Wextra -Wundef -Wcast-align -Wchar-subscripts -Wnon-virtual-dtor -Wunused-local-typedefs -DCOMPILER_SUPPORT_Wpointerarith -Werror   -Wpointer-arith -o CMakeFiles/cmTryCompileExec2015731987.dir/src.cxx.o -c /fs02/share/users/alperen.aydin/home/TP_math/maj/AnalyseNumerique/EDO_EDP/01_eigen/eigen_src/eigen/build/CMakeFiles/CMakeTmp/src.cxx
Linking CXX executable cmTryCompileExec2015731987
/usr/bin/cmake -E cmake_link_script CMakeFiles/cmTryCompileExec2015731987.dir/link.txt --verbose=1
/usr/bin/c++    -fexceptions -pedantic -Wall -Wextra -Wundef -Wcast-align -Wchar-subscripts -Wnon-virtual-dtor -Wunused-local-typedefs -DCOMPILER_SUPPORT_Wpointerarith -Werror    CMakeFiles/cmTryCompileExec2015731987.dir/src.cxx.o  -o cmTryCompileExec2015731987 -rdynamic 
make[1]: Leaving directory `/fs02/share/users/alperen.aydin/home/TP_math/maj/AnalyseNumerique/EDO_EDP/01_eigen/eigen_src/eigen/build/CMakeFiles/CMakeTmp'

Source file was:
int main() { return 0;}
Performing C++ SOURCE FILE Test COMPILER_SUPPORT_Wwritestrings succeded with the following output:
Change Dir: /fs02/share/users/alperen.aydin/home/TP_math/maj/AnalyseNumerique/EDO_EDP/01_eigen/eigen_src/eigen/build/CMakeFiles/CMakeTmp

Run Build Command:/usr/bin/make "cmTryCompileExec4286700826/fast"
/usr/bin/make -f CMakeFiles/cmTryCompileExec4286700826.dir/build.make CMakeFiles/cmTryCompileExec4286700826.dir/build
make[1]: Entering directory `/fs02/share/users/alperen.aydin/home/TP_math/maj/AnalyseNumerique/EDO_EDP/01_eigen/eigen_src/eigen/build/CMakeFiles/CMakeTmp'
/usr/bin/cmake -E cmake_progress_report /fs02/share/users/alperen.aydin/home/TP_math/maj/AnalyseNumerique/EDO_EDP/01_eigen/eigen_src/eigen/build/CMakeFiles/CMakeTmp/CMakeFiles 1
Building CXX object CMakeFiles/cmTryCompileExec4286700826.dir/src.cxx.o
/usr/bin/c++    -fexceptions -pedantic -Wall -Wextra -Wundef -Wcast-align -Wchar-subscripts -Wnon-virtual-dtor -Wunused-local-typedefs -Wpointer-arith -DCOMPILER_SUPPORT_Wwritestrings -Werror   -Wwrite-strings -o CMakeFiles/cmTryCompileExec4286700826.dir/src.cxx.o -c /fs02/share/users/alperen.aydin/home/TP_math/maj/AnalyseNumerique/EDO_EDP/01_eigen/eigen_src/eigen/build/CMakeFiles/CMakeTmp/src.cxx
Linking CXX executable cmTryCompileExec4286700826
/usr/bin/cmake -E cmake_link_script CMakeFiles/cmTryCompileExec4286700826.dir/link.txt --verbose=1
/usr/bin/c++    -fexceptions -pedantic -Wall -Wextra -Wundef -Wcast-align -Wchar-subscripts -Wnon-virtual-dtor -Wunused-local-typedefs -Wpointer-arith -DCOMPILER_SUPPORT_Wwritestrings -Werror    CMakeFiles/cmTryCompileExec4286700826.dir/src.cxx.o  -o cmTryCompileExec4286700826 -rdynamic 
make[1]: Leaving directory `/fs02/share/users/alperen.aydin/home/TP_math/maj/AnalyseNumerique/EDO_EDP/01_eigen/eigen_src/eigen/build/CMakeFiles/CMakeTmp'

Source file was:
int main() { return 0;}
Performing C++ SOURCE FILE Test COMPILER_SUPPORT_Wformatsecurity succeded with the following output:
Change Dir: /fs02/share/users/alperen.aydin/home/TP_math/maj/AnalyseNumerique/EDO_EDP/01_eigen/eigen_src/eigen/build/CMakeFiles/CMakeTmp

Run Build Command:/usr/bin/make "cmTryCompileExec7800402/fast"
/usr/bin/make -f CMakeFiles/cmTryCompileExec7800402.dir/build.make CMakeFiles/cmTryCompileExec7800402.dir/build
make[1]: Entering directory `/fs02/share/users/alperen.aydin/home/TP_math/maj/AnalyseNumerique/EDO_EDP/01_eigen/eigen_src/eigen/build/CMakeFiles/CMakeTmp'
/usr/bin/cmake -E cmake_progress_report /fs02/share/users/alperen.aydin/home/TP_math/maj/AnalyseNumerique/EDO_EDP/01_eigen/eigen_src/eigen/build/CMakeFiles/CMakeTmp/CMakeFiles 1
Building CXX object CMakeFiles/cmTryCompileExec7800402.dir/src.cxx.o
/usr/bin/c++    -fexceptions -pedantic -Wall -Wextra -Wundef -Wcast-align -Wchar-subscripts -Wnon-virtual-dtor -Wunused-local-typedefs -Wpointer-arith -Wwrite-strings -DCOMPILER_SUPPORT_Wformatsecurity -Werror   -Wformat-security -o CMakeFiles/cmTryCompileExec7800402.dir/src.cxx.o -c /fs02/share/users/alperen.aydin/home/TP_math/maj/AnalyseNumerique/EDO_EDP/01_eigen/eigen_src/eigen/build/CMakeFiles/CMakeTmp/src.cxx
Linking CXX executable cmTryCompileExec7800402
/usr/bin/cmake -E cmake_link_script CMakeFiles/cmTryCompileExec7800402.dir/link.txt --verbose=1
/usr/bin/c++    -fexceptions -pedantic -Wall -Wextra -Wundef -Wcast-align -Wchar-subscripts -Wnon-virtual-dtor -Wunused-local-typedefs -Wpointer-arith -Wwrite-strings -DCOMPILER_SUPPORT_Wformatsecurity -Werror    CMakeFiles/cmTryCompileExec7800402.dir/src.cxx.o  -o cmTryCompileExec7800402 -rdynamic 
make[1]: Leaving directory `/fs02/share/users/alperen.aydin/home/TP_math/maj/AnalyseNumerique/EDO_EDP/01_eigen/eigen_src/eigen/build/CMakeFiles/CMakeTmp'

Source file was:
int main() { return 0;}
Performing C++ SOURCE FILE Test COMPILER_SUPPORT_Wnopsabi succeded with the following output:
Change Dir: /fs02/share/users/alperen.aydin/home/TP_math/maj/AnalyseNumerique/EDO_EDP/01_eigen/eigen_src/eigen/build/CMakeFiles/CMakeTmp

Run Build Command:/usr/bin/make "cmTryCompileExec497634654/fast"
/usr/bin/make -f CMakeFiles/cmTryCompileExec497634654.dir/build.make CMakeFiles/cmTryCompileExec497634654.dir/build
make[1]: Entering directory `/fs02/share/users/alperen.aydin/home/TP_math/maj/AnalyseNumerique/EDO_EDP/01_eigen/eigen_src/eigen/build/CMakeFiles/CMakeTmp'
/usr/bin/cmake -E cmake_progress_report /fs02/share/users/alperen.aydin/home/TP_math/maj/AnalyseNumerique/EDO_EDP/01_eigen/eigen_src/eigen/build/CMakeFiles/CMakeTmp/CMakeFiles 1
Building CXX object CMakeFiles/cmTryCompileExec497634654.dir/src.cxx.o
/usr/bin/c++    -fexceptions -pedantic -Wall -Wextra -Wundef -Wcast-align -Wchar-subscripts -Wnon-virtual-dtor -Wunused-local-typedefs -Wpointer-arith -Wwrite-strings -Wformat-security -DCOMPILER_SUPPORT_Wnopsabi -Werror   -Wno-psabi -o CMakeFiles/cmTryCompileExec497634654.dir/src.cxx.o -c /fs02/share/users/alperen.aydin/home/TP_math/maj/AnalyseNumerique/EDO_EDP/01_eigen/eigen_src/eigen/build/CMakeFiles/CMakeTmp/src.cxx
Linking CXX executable cmTryCompileExec497634654
/usr/bin/cmake -E cmake_link_script CMakeFiles/cmTryCompileExec497634654.dir/link.txt --verbose=1
/usr/bin/c++    -fexceptions -pedantic -Wall -Wextra -Wundef -Wcast-align -Wchar-subscripts -Wnon-virtual-dtor -Wunused-local-typedefs -Wpointer-arith -Wwrite-strings -Wformat-security -DCOMPILER_SUPPORT_Wnopsabi -Werror    CMakeFiles/cmTryCompileExec497634654.dir/src.cxx.o  -o cmTryCompileExec497634654 -rdynamic 
make[1]: Leaving directory `/fs02/share/users/alperen.aydin/home/TP_math/maj/AnalyseNumerique/EDO_EDP/01_eigen/eigen_src/eigen/build/CMakeFiles/CMakeTmp'

Source file was:
int main() { return 0;}
Performing C++ SOURCE FILE Test COMPILER_SUPPORT_Wnovariadicmacros succeded with the following output:
Change Dir: /fs02/share/users/alperen.aydin/home/TP_math/maj/AnalyseNumerique/EDO_EDP/01_eigen/eigen_src/eigen/build/CMakeFiles/CMakeTmp

Run Build Command:/usr/bin/make "cmTryCompileExec1320649809/fast"
/usr/bin/make -f CMakeFiles/cmTryCompileExec1320649809.dir/build.make CMakeFiles/cmTryCompileExec1320649809.dir/build
make[1]: Entering directory `/fs02/share/users/alperen.aydin/home/TP_math/maj/AnalyseNumerique/EDO_EDP/01_eigen/eigen_src/eigen/build/CMakeFiles/CMakeTmp'
/usr/bin/cmake -E cmake_progress_report /fs02/share/users/alperen.aydin/home/TP_math/maj/AnalyseNumerique/EDO_EDP/01_eigen/eigen_src/eigen/build/CMakeFiles/CMakeTmp/CMakeFiles 1
Building CXX object CMakeFiles/cmTryCompileExec1320649809.dir/src.cxx.o
/usr/bin/c++    -fexceptions -pedantic -Wall -Wextra -Wundef -Wcast-align -Wchar-subscripts -Wnon-virtual-dtor -Wunused-local-typedefs -Wpointer-arith -Wwrite-strings -Wformat-security -Wno-psabi -DCOMPILER_SUPPORT_Wnovariadicmacros -Werror   -Wno-variadic-macros -o CMakeFiles/cmTryCompileExec1320649809.dir/src.cxx.o -c /fs02/share/users/alperen.aydin/home/TP_math/maj/AnalyseNumerique/EDO_EDP/01_eigen/eigen_src/eigen/build/CMakeFiles/CMakeTmp/src.cxx
Linking CXX executable cmTryCompileExec1320649809
/usr/bin/cmake -E cmake_link_script CMakeFiles/cmTryCompileExec1320649809.dir/link.txt --verbose=1
/usr/bin/c++    -fexceptions -pedantic -Wall -Wextra -Wundef -Wcast-align -Wchar-subscripts -Wnon-virtual-dtor -Wunused-local-typedefs -Wpointer-arith -Wwrite-strings -Wformat-security -Wno-psabi -DCOMPILER_SUPPORT_Wnovariadicmacros -Werror    CMakeFiles/cmTryCompileExec1320649809.dir/src.cxx.o  -o cmTryCompileExec1320649809 -rdynamic 
make[1]: Leaving directory `/fs02/share/users/alperen.aydin/home/TP_math/maj/AnalyseNumerique/EDO_EDP/01_eigen/eigen_src/eigen/build/CMakeFiles/CMakeTmp'

Source file was:
int main() { return 0;}
Performing C++ SOURCE FILE Test COMPILER_SUPPORT_Wnolonglong succeded with the following output:
Change Dir: /fs02/share/users/alperen.aydin/home/TP_math/maj/AnalyseNumerique/EDO_EDP/01_eigen/eigen_src/eigen/build/CMakeFiles/CMakeTmp

Run Build Command:/usr/bin/make "cmTryCompileExec1184608140/fast"
/usr/bin/make -f CMakeFiles/cmTryCompileExec1184608140.dir/build.make CMakeFiles/cmTryCompileExec1184608140.dir/build
make[1]: Entering directory `/fs02/share/users/alperen.aydin/home/TP_math/maj/AnalyseNumerique/EDO_EDP/01_eigen/eigen_src/eigen/build/CMakeFiles/CMakeTmp'
/usr/bin/cmake -E cmake_progress_report /fs02/share/users/alperen.aydin/home/TP_math/maj/AnalyseNumerique/EDO_EDP/01_eigen/eigen_src/eigen/build/CMakeFiles/CMakeTmp/CMakeFiles 1
Building CXX object CMakeFiles/cmTryCompileExec1184608140.dir/src.cxx.o
/usr/bin/c++    -fexceptions -pedantic -Wall -Wextra -Wundef -Wcast-align -Wchar-subscripts -Wnon-virtual-dtor -Wunused-local-typedefs -Wpointer-arith -Wwrite-strings -Wformat-security -Wno-psabi -Wno-variadic-macros -DCOMPILER_SUPPORT_Wnolonglong -Werror   -Wno-long-long -o CMakeFiles/cmTryCompileExec1184608140.dir/src.cxx.o -c /fs02/share/users/alperen.aydin/home/TP_math/maj/AnalyseNumerique/EDO_EDP/01_eigen/eigen_src/eigen/build/CMakeFiles/CMakeTmp/src.cxx
Linking CXX executable cmTryCompileExec1184608140
/usr/bin/cmake -E cmake_link_script CMakeFiles/cmTryCompileExec1184608140.dir/link.txt --verbose=1
/usr/bin/c++    -fexceptions -pedantic -Wall -Wextra -Wundef -Wcast-align -Wchar-subscripts -Wnon-virtual-dtor -Wunused-local-typedefs -Wpointer-arith -Wwrite-strings -Wformat-security -Wno-psabi -Wno-variadic-macros -DCOMPILER_SUPPORT_Wnolonglong -Werror    CMakeFiles/cmTryCompileExec1184608140.dir/src.cxx.o  -o cmTryCompileExec1184608140 -rdynamic 
make[1]: Leaving directory `/fs02/share/users/alperen.aydin/home/TP_math/maj/AnalyseNumerique/EDO_EDP/01_eigen/eigen_src/eigen/build/CMakeFiles/CMakeTmp'

Source file was:
int main() { return 0;}
Performing C++ SOURCE FILE Test COMPILER_SUPPORT_fnochecknew succeded with the following output:
Change Dir: /fs02/share/users/alperen.aydin/home/TP_math/maj/AnalyseNumerique/EDO_EDP/01_eigen/eigen_src/eigen/build/CMakeFiles/CMakeTmp

Run Build Command:/usr/bin/make "cmTryCompileExec932450933/fast"
/usr/bin/make -f CMakeFiles/cmTryCompileExec932450933.dir/build.make CMakeFiles/cmTryCompileExec932450933.dir/build
make[1]: Entering directory `/fs02/share/users/alperen.aydin/home/TP_math/maj/AnalyseNumerique/EDO_EDP/01_eigen/eigen_src/eigen/build/CMakeFiles/CMakeTmp'
/usr/bin/cmake -E cmake_progress_report /fs02/share/users/alperen.aydin/home/TP_math/maj/AnalyseNumerique/EDO_EDP/01_eigen/eigen_src/eigen/build/CMakeFiles/CMakeTmp/CMakeFiles 1
Building CXX object CMakeFiles/cmTryCompileExec932450933.dir/src.cxx.o
/usr/bin/c++    -fexceptions -pedantic -Wall -Wextra -Wundef -Wcast-align -Wchar-subscripts -Wnon-virtual-dtor -Wunused-local-typedefs -Wpointer-arith -Wwrite-strings -Wformat-security -Wno-psabi -Wno-variadic-macros -Wno-long-long -DCOMPILER_SUPPORT_fnochecknew -Werror   -fno-check-new -o CMakeFiles/cmTryCompileExec932450933.dir/src.cxx.o -c /fs02/share/users/alperen.aydin/home/TP_math/maj/AnalyseNumerique/EDO_EDP/01_eigen/eigen_src/eigen/build/CMakeFiles/CMakeTmp/src.cxx
Linking CXX executable cmTryCompileExec932450933
/usr/bin/cmake -E cmake_link_script CMakeFiles/cmTryCompileExec932450933.dir/link.txt --verbose=1
/usr/bin/c++    -fexceptions -pedantic -Wall -Wextra -Wundef -Wcast-align -Wchar-subscripts -Wnon-virtual-dtor -Wunused-local-typedefs -Wpointer-arith -Wwrite-strings -Wformat-security -Wno-psabi -Wno-variadic-macros -Wno-long-long -DCOMPILER_SUPPORT_fnochecknew -Werror    CMakeFiles/cmTryCompileExec932450933.dir/src.cxx.o  -o cmTryCompileExec932450933 -rdynamic 
make[1]: Leaving directory `/fs02/share/users/alperen.aydin/home/TP_math/maj/AnalyseNumerique/EDO_EDP/01_eigen/eigen_src/eigen/build/CMakeFiles/CMakeTmp'

Source file was:
int main() { return 0;}
Performing C++ SOURCE FILE Test COMPILER_SUPPORT_fnocommon succeded with the following output:
Change Dir: /fs02/share/users/alperen.aydin/home/TP_math/maj/AnalyseNumerique/EDO_EDP/01_eigen/eigen_src/eigen/build/CMakeFiles/CMakeTmp

Run Build Command:/usr/bin/make "cmTryCompileExec2916600736/fast"
/usr/bin/make -f CMakeFiles/cmTryCompileExec2916600736.dir/build.make CMakeFiles/cmTryCompileExec2916600736.dir/build
make[1]: Entering directory `/fs02/share/users/alperen.aydin/home/TP_math/maj/AnalyseNumerique/EDO_EDP/01_eigen/eigen_src/eigen/build/CMakeFiles/CMakeTmp'
/usr/bin/cmake -E cmake_progress_report /fs02/share/users/alperen.aydin/home/TP_math/maj/AnalyseNumerique/EDO_EDP/01_eigen/eigen_src/eigen/build/CMakeFiles/CMakeTmp/CMakeFiles 1
Building CXX object CMakeFiles/cmTryCompileExec2916600736.dir/src.cxx.o
/usr/bin/c++    -fexceptions -pedantic -Wall -Wextra -Wundef -Wcast-align -Wchar-subscripts -Wnon-virtual-dtor -Wunused-local-typedefs -Wpointer-arith -Wwrite-strings -Wformat-security -Wno-psabi -Wno-variadic-macros -Wno-long-long -fno-check-new -DCOMPILER_SUPPORT_fnocommon -Werror   -fno-common -o CMakeFiles/cmTryCompileExec2916600736.dir/src.cxx.o -c /fs02/share/users/alperen.aydin/home/TP_math/maj/AnalyseNumerique/EDO_EDP/01_eigen/eigen_src/eigen/build/CMakeFiles/CMakeTmp/src.cxx
Linking CXX executable cmTryCompileExec2916600736
/usr/bin/cmake -E cmake_link_script CMakeFiles/cmTryCompileExec2916600736.dir/link.txt --verbose=1
/usr/bin/c++    -fexceptions -pedantic -Wall -Wextra -Wundef -Wcast-align -Wchar-subscripts -Wnon-virtual-dtor -Wunused-local-typedefs -Wpointer-arith -Wwrite-strings -Wformat-security -Wno-psabi -Wno-variadic-macros -Wno-long-long -fno-check-new -DCOMPILER_SUPPORT_fnocommon -Werror    CMakeFiles/cmTryCompileExec2916600736.dir/src.cxx.o  -o cmTryCompileExec2916600736 -rdynamic 
make[1]: Leaving directory `/fs02/share/users/alperen.aydin/home/TP_math/maj/AnalyseNumerique/EDO_EDP/01_eigen/eigen_src/eigen/build/CMakeFiles/CMakeTmp'

Source file was:
int main() { return 0;}
Performing C++ SOURCE FILE Test COMPILER_SUPPORT_fstrictaliasing succeded with the following output:
Change Dir: /fs02/share/users/alperen.aydin/home/TP_math/maj/AnalyseNumerique/EDO_EDP/01_eigen/eigen_src/eigen/build/CMakeFiles/CMakeTmp

Run Build Command:/usr/bin/make "cmTryCompileExec2474388318/fast"
/usr/bin/make -f CMakeFiles/cmTryCompileExec2474388318.dir/build.make CMakeFiles/cmTryCompileExec2474388318.dir/build
make[1]: Entering directory `/fs02/share/users/alperen.aydin/home/TP_math/maj/AnalyseNumerique/EDO_EDP/01_eigen/eigen_src/eigen/build/CMakeFiles/CMakeTmp'
/usr/bin/cmake -E cmake_progress_report /fs02/share/users/alperen.aydin/home/TP_math/maj/AnalyseNumerique/EDO_EDP/01_eigen/eigen_src/eigen/build/CMakeFiles/CMakeTmp/CMakeFiles 1
Building CXX object CMakeFiles/cmTryCompileExec2474388318.dir/src.cxx.o
/usr/bin/c++    -fexceptions -pedantic -Wall -Wextra -Wundef -Wcast-align -Wchar-subscripts -Wnon-virtual-dtor -Wunused-local-typedefs -Wpointer-arith -Wwrite-strings -Wformat-security -Wno-psabi -Wno-variadic-macros -Wno-long-long -fno-check-new -fno-common -DCOMPILER_SUPPORT_fstrictaliasing -Werror   -fstrict-aliasing -o CMakeFiles/cmTryCompileExec2474388318.dir/src.cxx.o -c /fs02/share/users/alperen.aydin/home/TP_math/maj/AnalyseNumerique/EDO_EDP/01_eigen/eigen_src/eigen/build/CMakeFiles/CMakeTmp/src.cxx
Linking CXX executable cmTryCompileExec2474388318
/usr/bin/cmake -E cmake_link_script CMakeFiles/cmTryCompileExec2474388318.dir/link.txt --verbose=1
/usr/bin/c++    -fexceptions -pedantic -Wall -Wextra -Wundef -Wcast-align -Wchar-subscripts -Wnon-virtual-dtor -Wunused-local-typedefs -Wpointer-arith -Wwrite-strings -Wformat-security -Wno-psabi -Wno-variadic-macros -Wno-long-long -fno-check-new -fno-common -DCOMPILER_SUPPORT_fstrictaliasing -Werror    CMakeFiles/cmTryCompileExec2474388318.dir/src.cxx.o  -o cmTryCompileExec2474388318 -rdynamic 
make[1]: Leaving directory `/fs02/share/users/alperen.aydin/home/TP_math/maj/AnalyseNumerique/EDO_EDP/01_eigen/eigen_src/eigen/build/CMakeFiles/CMakeTmp'

Source file was:
int main() { return 0;}
Performing C++ SOURCE FILE Test COMPILER_SUPPORT_ansi succeded with the following output:
Change Dir: /fs02/share/users/alperen.aydin/home/TP_math/maj/AnalyseNumerique/EDO_EDP/01_eigen/eigen_src/eigen/build/CMakeFiles/CMakeTmp

Run Build Command:/usr/bin/make "cmTryCompileExec636234859/fast"
/usr/bin/make -f CMakeFiles/cmTryCompileExec636234859.dir/build.make CMakeFiles/cmTryCompileExec636234859.dir/build
make[1]: Entering directory `/fs02/share/users/alperen.aydin/home/TP_math/maj/AnalyseNumerique/EDO_EDP/01_eigen/eigen_src/eigen/build/CMakeFiles/CMakeTmp'
/usr/bin/cmake -E cmake_progress_report /fs02/share/users/alperen.aydin/home/TP_math/maj/AnalyseNumerique/EDO_EDP/01_eigen/eigen_src/eigen/build/CMakeFiles/CMakeTmp/CMakeFiles 1
Building CXX object CMakeFiles/cmTryCompileExec636234859.dir/src.cxx.o
/usr/bin/c++    -fexceptions -pedantic -Wall -Wextra -Wundef -Wcast-align -Wchar-subscripts -Wnon-virtual-dtor -Wunused-local-typedefs -Wpointer-arith -Wwrite-strings -Wformat-security -Wno-psabi -Wno-variadic-macros -Wno-long-long -fno-check-new -fno-common -fstrict-aliasing -DCOMPILER_SUPPORT_ansi -Werror   -ansi -o CMakeFiles/cmTryCompileExec636234859.dir/src.cxx.o -c /fs02/share/users/alperen.aydin/home/TP_math/maj/AnalyseNumerique/EDO_EDP/01_eigen/eigen_src/eigen/build/CMakeFiles/CMakeTmp/src.cxx
Linking CXX executable cmTryCompileExec636234859
/usr/bin/cmake -E cmake_link_script CMakeFiles/cmTryCompileExec636234859.dir/link.txt --verbose=1
/usr/bin/c++    -fexceptions -pedantic -Wall -Wextra -Wundef -Wcast-align -Wchar-subscripts -Wnon-virtual-dtor -Wunused-local-typedefs -Wpointer-arith -Wwrite-strings -Wformat-security -Wno-psabi -Wno-variadic-macros -Wno-long-long -fno-check-new -fno-common -fstrict-aliasing -DCOMPILER_SUPPORT_ansi -Werror    CMakeFiles/cmTryCompileExec636234859.dir/src.cxx.o  -o cmTryCompileExec636234859 -rdynamic 
make[1]: Leaving directory `/fs02/share/users/alperen.aydin/home/TP_math/maj/AnalyseNumerique/EDO_EDP/01_eigen/eigen_src/eigen/build/CMakeFiles/CMakeTmp'

Source file was:
int main() { return 0;}
Performing C++ SOURCE FILE Test COMPILER_SUPPORT_OPENMP succeded with the following output:
Change Dir: /fs02/share/users/alperen.aydin/home/TP_math/maj/AnalyseNumerique/EDO_EDP/01_eigen/eigen_src/eigen/build/CMakeFiles/CMakeTmp

Run Build Command:/usr/bin/make "cmTryCompileExec1651230244/fast"
/usr/bin/make -f CMakeFiles/cmTryCompileExec1651230244.dir/build.make CMakeFiles/cmTryCompileExec1651230244.dir/build
make[1]: Entering directory `/fs02/share/users/alperen.aydin/home/TP_math/maj/AnalyseNumerique/EDO_EDP/01_eigen/eigen_src/eigen/build/CMakeFiles/CMakeTmp'
/usr/bin/cmake -E cmake_progress_report /fs02/share/users/alperen.aydin/home/TP_math/maj/AnalyseNumerique/EDO_EDP/01_eigen/eigen_src/eigen/build/CMakeFiles/CMakeTmp/CMakeFiles 1
Building CXX object CMakeFiles/cmTryCompileExec1651230244.dir/src.cxx.o
/usr/bin/c++    -fexceptions -pedantic -Wall -Wextra -Wundef -Wcast-align -Wchar-subscripts -Wnon-virtual-dtor -Wunused-local-typedefs -Wpointer-arith -Wwrite-strings -Wformat-security -Wno-psabi -Wno-variadic-macros -Wno-long-long -fno-check-new -fno-common -fstrict-aliasing -ansi -DCOMPILER_SUPPORT_OPENMP   -fopenmp -o CMakeFiles/cmTryCompileExec1651230244.dir/src.cxx.o -c /fs02/share/users/alperen.aydin/home/TP_math/maj/AnalyseNumerique/EDO_EDP/01_eigen/eigen_src/eigen/build/CMakeFiles/CMakeTmp/src.cxx
Linking CXX executable cmTryCompileExec1651230244
/usr/bin/cmake -E cmake_link_script CMakeFiles/cmTryCompileExec1651230244.dir/link.txt --verbose=1
/usr/bin/c++    -fexceptions -pedantic -Wall -Wextra -Wundef -Wcast-align -Wchar-subscripts -Wnon-virtual-dtor -Wunused-local-typedefs -Wpointer-arith -Wwrite-strings -Wformat-security -Wno-psabi -Wno-variadic-macros -Wno-long-long -fno-check-new -fno-common -fstrict-aliasing -ansi -DCOMPILER_SUPPORT_OPENMP    CMakeFiles/cmTryCompileExec1651230244.dir/src.cxx.o  -o cmTryCompileExec1651230244 -rdynamic 
make[1]: Leaving directory `/fs02/share/users/alperen.aydin/home/TP_math/maj/AnalyseNumerique/EDO_EDP/01_eigen/eigen_src/eigen/build/CMakeFiles/CMakeTmp'

Source file was:
int main() { return 0;}
Determining if the Q_WS_X11 exist passed with the following output:
Change Dir: /fs02/share/users/alperen.aydin/home/TP_math/maj/AnalyseNumerique/EDO_EDP/01_eigen/eigen_src/eigen/build/CMakeFiles/CMakeTmp

Run Build Command:/usr/bin/make "cmTryCompileExec482371270/fast"
/usr/bin/make -f CMakeFiles/cmTryCompileExec482371270.dir/build.make CMakeFiles/cmTryCompileExec482371270.dir/build
make[1]: entrant dans le répertoire « /fs02/share/users/alperen.aydin/home/TP_math/maj/AnalyseNumerique/EDO_EDP/01_eigen/eigen_src/eigen/build/CMakeFiles/CMakeTmp »
/usr/bin/cmake -E cmake_progress_report /fs02/share/users/alperen.aydin/home/TP_math/maj/AnalyseNumerique/EDO_EDP/01_eigen/eigen_src/eigen/build/CMakeFiles/CMakeTmp/CMakeFiles 1
Building CXX object CMakeFiles/cmTryCompileExec482371270.dir/CheckSymbolExists.cxx.o
/usr/bin/c++    -fexceptions -pedantic -Wall -Wextra -Wundef -Wcast-align -Wchar-subscripts -Wnon-virtual-dtor -Wunused-local-typedefs -Wpointer-arith -Wwrite-strings -Wformat-security -Wno-psabi -Wno-variadic-macros -Wno-long-long -fno-check-new -fno-common -fstrict-aliasing -ansi -O1 -g1  -I/usr/include/qt4    -o CMakeFiles/cmTryCompileExec482371270.dir/CheckSymbolExists.cxx.o -c /fs02/share/users/alperen.aydin/home/TP_math/maj/AnalyseNumerique/EDO_EDP/01_eigen/eigen_src/eigen/build/CMakeFiles/CMakeTmp/CheckSymbolExists.cxx
Linking CXX executable cmTryCompileExec482371270
/usr/bin/cmake -E cmake_link_script CMakeFiles/cmTryCompileExec482371270.dir/link.txt --verbose=1
/usr/bin/c++    -fexceptions -pedantic -Wall -Wextra -Wundef -Wcast-align -Wchar-subscripts -Wnon-virtual-dtor -Wunused-local-typedefs -Wpointer-arith -Wwrite-strings -Wformat-security -Wno-psabi -Wno-variadic-macros -Wno-long-long -fno-check-new -fno-common -fstrict-aliasing -ansi -O1 -g1     CMakeFiles/cmTryCompileExec482371270.dir/CheckSymbolExists.cxx.o  -o cmTryCompileExec482371270 -rdynamic 
make[1]: quittant le répertoire « /fs02/share/users/alperen.aydin/home/TP_math/maj/AnalyseNumerique/EDO_EDP/01_eigen/eigen_src/eigen/build/CMakeFiles/CMakeTmp »

File /fs02/share/users/alperen.aydin/home/TP_math/maj/AnalyseNumerique/EDO_EDP/01_eigen/eigen_src/eigen/build/CMakeFiles/CMakeTmp/CheckSymbolExists.cxx:
/* */
#include <QtCore/qglobal.h>

int main(int argc, char** argv)
{
  (void)argv;
#ifndef Q_WS_X11
  return ((int*)(&Q_WS_X11))[argc];
#else
  (void)argc;
  return 0;
#endif
}

Compiling the Fortran compiler identification source file "CMakeFortranCompilerId.F" succeeded.
Compiler: /usr/bin/gfortran 
Build flags: 
Id flags: 

The output was:
0


Compilation of the Fortran compiler identification source "CMakeFortranCompilerId.F" produced "a.out"

The Fortran compiler identification is GNU, found in "/fs02/share/users/alperen.aydin/home/TP_math/maj/AnalyseNumerique/EDO_EDP/01_eigen/eigen_src/eigen/build/CMakeFiles/2.8.12.2/CompilerIdFortran/a.out"

Determining if the Fortran compiler works passed with the following output:
Change Dir: /fs02/share/users/alperen.aydin/home/TP_math/maj/AnalyseNumerique/EDO_EDP/01_eigen/eigen_src/eigen/build/CMakeFiles/CMakeTmp

Run Build Command:/usr/bin/make "cmTryCompileExec2175828532/fast"
/usr/bin/make -f CMakeFiles/cmTryCompileExec2175828532.dir/build.make CMakeFiles/cmTryCompileExec2175828532.dir/build
make[1]: entrant dans le répertoire « /fs02/share/users/alperen.aydin/home/TP_math/maj/AnalyseNumerique/EDO_EDP/01_eigen/eigen_src/eigen/build/CMakeFiles/CMakeTmp »
/usr/bin/cmake -E cmake_progress_report /fs02/share/users/alperen.aydin/home/TP_math/maj/AnalyseNumerique/EDO_EDP/01_eigen/eigen_src/eigen/build/CMakeFiles/CMakeTmp/CMakeFiles 1
Building Fortran object CMakeFiles/cmTryCompileExec2175828532.dir/testFortranCompiler.f.o
/usr/bin/gfortran    -c /fs02/share/users/alperen.aydin/home/TP_math/maj/AnalyseNumerique/EDO_EDP/01_eigen/eigen_src/eigen/build/CMakeFiles/CMakeTmp/testFortranCompiler.f -o CMakeFiles/cmTryCompileExec2175828532.dir/testFortranCompiler.f.o
Linking Fortran executable cmTryCompileExec2175828532
/usr/bin/cmake -E cmake_link_script CMakeFiles/cmTryCompileExec2175828532.dir/link.txt --verbose=1
/usr/bin/gfortran       CMakeFiles/cmTryCompileExec2175828532.dir/testFortranCompiler.f.o  -o cmTryCompileExec2175828532 -rdynamic 
make[1]: quittant le répertoire « /fs02/share/users/alperen.aydin/home/TP_math/maj/AnalyseNumerique/EDO_EDP/01_eigen/eigen_src/eigen/build/CMakeFiles/CMakeTmp »


Detecting Fortran compiler ABI info compiled with the following output:
Change Dir: /fs02/share/users/alperen.aydin/home/TP_math/maj/AnalyseNumerique/EDO_EDP/01_eigen/eigen_src/eigen/build/CMakeFiles/CMakeTmp

Run Build Command:/usr/bin/make "cmTryCompileExec1497679286/fast"
/usr/bin/make -f CMakeFiles/cmTryCompileExec1497679286.dir/build.make CMakeFiles/cmTryCompileExec1497679286.dir/build
make[1]: entrant dans le répertoire « /fs02/share/users/alperen.aydin/home/TP_math/maj/AnalyseNumerique/EDO_EDP/01_eigen/eigen_src/eigen/build/CMakeFiles/CMakeTmp »
/usr/bin/cmake -E cmake_progress_report /fs02/share/users/alperen.aydin/home/TP_math/maj/AnalyseNumerique/EDO_EDP/01_eigen/eigen_src/eigen/build/CMakeFiles/CMakeTmp/CMakeFiles 1
Building Fortran object CMakeFiles/cmTryCompileExec1497679286.dir/CMakeFortranCompilerABI.F.o
/usr/bin/gfortran    -c /usr/share/cmake-2.8/Modules/CMakeFortranCompilerABI.F -o CMakeFiles/cmTryCompileExec1497679286.dir/CMakeFortranCompilerABI.F.o
Linking Fortran executable cmTryCompileExec1497679286
/usr/bin/cmake -E cmake_link_script CMakeFiles/cmTryCompileExec1497679286.dir/link.txt --verbose=1
/usr/bin/gfortran   -v   CMakeFiles/cmTryCompileExec1497679286.dir/CMakeFortranCompilerABI.F.o  -o cmTryCompileExec1497679286 -rdynamic  
Driving: /usr/bin/gfortran -v CMakeFiles/cmTryCompileExec1497679286.dir/CMakeFortranCompilerABI.F.o -o cmTryCompileExec1497679286 -rdynamic -l gfortran -l m -shared-libgcc
Using built-in specs.
COLLECT_GCC=/usr/bin/gfortran
COLLECT_LTO_WRAPPER=/usr/lib/gcc/x86_64-linux-gnu/4.8/lto-wrapper
Target: x86_64-linux-gnu
Configured with: ../src/configure -v --with-pkgversion='Ubuntu 4.8.2-19ubuntu1' --with-bugurl=file:///usr/share/doc/gcc-4.8/README.Bugs --enable-languages=c,c++,java,go,d,fortran,objc,obj-c++ --prefix=/usr --program-suffix=-4.8 --enable-shared --enable-linker-build-id --libexecdir=/usr/lib --without-included-gettext --enable-threads=posix --with-gxx-include-dir=/usr/include/c++/4.8 --libdir=/usr/lib --enable-nls --with-sysroot=/ --enable-clocale=gnu --enable-libstdcxx-debug --enable-libstdcxx-time=yes --enable-gnu-unique-object --disable-libmudflap --enable-plugin --with-system-zlib --disable-browser-plugin --enable-java-awt=gtk --enable-gtk-cairo --with-java-home=/usr/lib/jvm/java-1.5.0-gcj-4.8-amd64/jre --enable-java-home --with-jvm-root-dir=/usr/lib/jvm/java-1.5.0-gcj-4.8-amd64 --with-jvm-jar-dir=/usr/lib/jvm-exports/java-1.5.0-gcj-4.8-amd64 --with-arch-directory=amd64 --with-ecj-jar=/usr/share/java/eclipse-ecj.jar --enable-objc-gc --enable-multiarch --disable-werror --with-arch-32=i686 --with-abi=m64 --with-multilib-list=m32,m64,mx32 --with-tune=generic --enable-checking=release --build=x86_64-linux-gnu --host=x86_64-linux-gnu --target=x86_64-linux-gnu
Thread model: posix
gcc version 4.8.2 (Ubuntu 4.8.2-19ubuntu1) 
Reading specs from /usr/lib/gcc/x86_64-linux-gnu/4.8/libgfortran.spec
rename spec lib to liborig
COLLECT_GCC_OPTIONS='-v' '-o' 'cmTryCompileExec1497679286' '-rdynamic' '-shared-libgcc' '-mtune=generic' '-march=x86-64'
COMPILER_PATH=/usr/lib/gcc/x86_64-linux-gnu/4.8/:/usr/lib/gcc/x86_64-linux-gnu/4.8/:/usr/lib/gcc/x86_64-linux-gnu/:/usr/lib/gcc/x86_64-linux-gnu/4.8/:/usr/lib/gcc/x86_64-linux-gnu/
LIBRARY_PATH=/usr/lib/gcc/x86_64-linux-gnu/4.8/:/usr/lib/gcc/x86_64-linux-gnu/4.8/../../../x86_64-linux-gnu/:/usr/lib/gcc/x86_64-linux-gnu/4.8/../../../../lib/:/lib/x86_64-linux-gnu/:/lib/../lib/:/usr/lib/x86_64-linux-gnu/:/usr/lib/../lib/:/usr/lib/gcc/x86_64-linux-gnu/4.8/../../../:/lib/:/usr/lib/
COLLECT_GCC_OPTIONS='-v' '-o' 'cmTryCompileExec1497679286' '-rdynamic' '-shared-libgcc' '-mtune=generic' '-march=x86-64'
 /usr/lib/gcc/x86_64-linux-gnu/4.8/collect2 --sysroot=/ --build-id --eh-frame-hdr -m elf_x86_64 --hash-style=gnu --as-needed -export-dynamic -dynamic-linker /lib64/ld-linux-x86-64.so.2 -z relro -o cmTryCompileExec1497679286 /usr/lib/gcc/x86_64-linux-gnu/4.8/../../../x86_64-linux-gnu/crt1.o /usr/lib/gcc/x86_64-linux-gnu/4.8/../../../x86_64-linux-gnu/crti.o /usr/lib/gcc/x86_64-linux-gnu/4.8/crtbegin.o -L/usr/lib/gcc/x86_64-linux-gnu/4.8 -L/usr/lib/gcc/x86_64-linux-gnu/4.8/../../../x86_64-linux-gnu -L/usr/lib/gcc/x86_64-linux-gnu/4.8/../../../../lib -L/lib/x86_64-linux-gnu -L/lib/../lib -L/usr/lib/x86_64-linux-gnu -L/usr/lib/../lib -L/usr/lib/gcc/x86_64-linux-gnu/4.8/../../.. CMakeFiles/cmTryCompileExec1497679286.dir/CMakeFortranCompilerABI.F.o -lgfortran -lm -lgcc_s -lgcc -lquadmath -lm -lgcc_s -lgcc -lc -lgcc_s -lgcc /usr/lib/gcc/x86_64-linux-gnu/4.8/crtend.o /usr/lib/gcc/x86_64-linux-gnu/4.8/../../../x86_64-linux-gnu/crtn.o
make[1]: quittant le répertoire « /fs02/share/users/alperen.aydin/home/TP_math/maj/AnalyseNumerique/EDO_EDP/01_eigen/eigen_src/eigen/build/CMakeFiles/CMakeTmp »


Parsed Fortran implicit link information from above output:
  link line regex: [^( *|.*[/\])(ld|([^/\]+-)?ld|collect2)[^/\]*( |$)]
  ignore line: [Change Dir: /fs02/share/users/alperen.aydin/home/TP_math/maj/AnalyseNumerique/EDO_EDP/01_eigen/eigen_src/eigen/build/CMakeFiles/CMakeTmp]
  ignore line: []
  ignore line: [Run Build Command:/usr/bin/make "cmTryCompileExec1497679286/fast"]
  ignore line: [/usr/bin/make -f CMakeFiles/cmTryCompileExec1497679286.dir/build.make CMakeFiles/cmTryCompileExec1497679286.dir/build]
  ignore line: [make[1]: entrant dans le répertoire « /fs02/share/users/alperen.aydin/home/TP_math/maj/AnalyseNumerique/EDO_EDP/01_eigen/eigen_src/eigen/build/CMakeFiles/CMakeTmp »]
  ignore line: [/usr/bin/cmake -E cmake_progress_report /fs02/share/users/alperen.aydin/home/TP_math/maj/AnalyseNumerique/EDO_EDP/01_eigen/eigen_src/eigen/build/CMakeFiles/CMakeTmp/CMakeFiles 1]
  ignore line: [Building Fortran object CMakeFiles/cmTryCompileExec1497679286.dir/CMakeFortranCompilerABI.F.o]
  ignore line: [/usr/bin/gfortran    -c /usr/share/cmake-2.8/Modules/CMakeFortranCompilerABI.F -o CMakeFiles/cmTryCompileExec1497679286.dir/CMakeFortranCompilerABI.F.o]
  ignore line: [Linking Fortran executable cmTryCompileExec1497679286]
  ignore line: [/usr/bin/cmake -E cmake_link_script CMakeFiles/cmTryCompileExec1497679286.dir/link.txt --verbose=1]
  ignore line: [/usr/bin/gfortran   -v   CMakeFiles/cmTryCompileExec1497679286.dir/CMakeFortranCompilerABI.F.o  -o cmTryCompileExec1497679286 -rdynamic  ]
  ignore line: [Driving: /usr/bin/gfortran -v CMakeFiles/cmTryCompileExec1497679286.dir/CMakeFortranCompilerABI.F.o -o cmTryCompileExec1497679286 -rdynamic -l gfortran -l m -shared-libgcc]
  ignore line: [Using built-in specs.]
  ignore line: [COLLECT_GCC=/usr/bin/gfortran]
  ignore line: [COLLECT_LTO_WRAPPER=/usr/lib/gcc/x86_64-linux-gnu/4.8/lto-wrapper]
  ignore line: [Target: x86_64-linux-gnu]
  ignore line: [Configured with: ../src/configure -v --with-pkgversion='Ubuntu 4.8.2-19ubuntu1' --with-bugurl=file:///usr/share/doc/gcc-4.8/README.Bugs --enable-languages=c,c++,java,go,d,fortran,objc,obj-c++ --prefix=/usr --program-suffix=-4.8 --enable-shared --enable-linker-build-id --libexecdir=/usr/lib --without-included-gettext --enable-threads=posix --with-gxx-include-dir=/usr/include/c++/4.8 --libdir=/usr/lib --enable-nls --with-sysroot=/ --enable-clocale=gnu --enable-libstdcxx-debug --enable-libstdcxx-time=yes --enable-gnu-unique-object --disable-libmudflap --enable-plugin --with-system-zlib --disable-browser-plugin --enable-java-awt=gtk --enable-gtk-cairo --with-java-home=/usr/lib/jvm/java-1.5.0-gcj-4.8-amd64/jre --enable-java-home --with-jvm-root-dir=/usr/lib/jvm/java-1.5.0-gcj-4.8-amd64 --with-jvm-jar-dir=/usr/lib/jvm-exports/java-1.5.0-gcj-4.8-amd64 --with-arch-directory=amd64 --with-ecj-jar=/usr/share/java/eclipse-ecj.jar --enable-objc-gc --enable-multiarch --disable-werror --with-arch-32=i686 --with-abi=m64 --with-multilib-list=m32,m64,mx32 --with-tune=generic --enable-checking=release --build=x86_64-linux-gnu --host=x86_64-linux-gnu --target=x86_64-linux-gnu]
  ignore line: [Thread model: posix]
  ignore line: [gcc version 4.8.2 (Ubuntu 4.8.2-19ubuntu1) ]
  ignore line: [Reading specs from /usr/lib/gcc/x86_64-linux-gnu/4.8/libgfortran.spec]
  ignore line: [rename spec lib to liborig]
  ignore line: [COLLECT_GCC_OPTIONS='-v' '-o' 'cmTryCompileExec1497679286' '-rdynamic' '-shared-libgcc' '-mtune=generic' '-march=x86-64']
  ignore line: [COMPILER_PATH=/usr/lib/gcc/x86_64-linux-gnu/4.8/:/usr/lib/gcc/x86_64-linux-gnu/4.8/:/usr/lib/gcc/x86_64-linux-gnu/:/usr/lib/gcc/x86_64-linux-gnu/4.8/:/usr/lib/gcc/x86_64-linux-gnu/]
  ignore line: [LIBRARY_PATH=/usr/lib/gcc/x86_64-linux-gnu/4.8/:/usr/lib/gcc/x86_64-linux-gnu/4.8/../../../x86_64-linux-gnu/:/usr/lib/gcc/x86_64-linux-gnu/4.8/../../../../lib/:/lib/x86_64-linux-gnu/:/lib/../lib/:/usr/lib/x86_64-linux-gnu/:/usr/lib/../lib/:/usr/lib/gcc/x86_64-linux-gnu/4.8/../../../:/lib/:/usr/lib/]
  ignore line: [COLLECT_GCC_OPTIONS='-v' '-o' 'cmTryCompileExec1497679286' '-rdynamic' '-shared-libgcc' '-mtune=generic' '-march=x86-64']
  link line: [ /usr/lib/gcc/x86_64-linux-gnu/4.8/collect2 --sysroot=/ --build-id --eh-frame-hdr -m elf_x86_64 --hash-style=gnu --as-needed -export-dynamic -dynamic-linker /lib64/ld-linux-x86-64.so.2 -z relro -o cmTryCompileExec1497679286 /usr/lib/gcc/x86_64-linux-gnu/4.8/../../../x86_64-linux-gnu/crt1.o /usr/lib/gcc/x86_64-linux-gnu/4.8/../../../x86_64-linux-gnu/crti.o /usr/lib/gcc/x86_64-linux-gnu/4.8/crtbegin.o -L/usr/lib/gcc/x86_64-linux-gnu/4.8 -L/usr/lib/gcc/x86_64-linux-gnu/4.8/../../../x86_64-linux-gnu -L/usr/lib/gcc/x86_64-linux-gnu/4.8/../../../../lib -L/lib/x86_64-linux-gnu -L/lib/../lib -L/usr/lib/x86_64-linux-gnu -L/usr/lib/../lib -L/usr/lib/gcc/x86_64-linux-gnu/4.8/../../.. CMakeFiles/cmTryCompileExec1497679286.dir/CMakeFortranCompilerABI.F.o -lgfortran -lm -lgcc_s -lgcc -lquadmath -lm -lgcc_s -lgcc -lc -lgcc_s -lgcc /usr/lib/gcc/x86_64-linux-gnu/4.8/crtend.o /usr/lib/gcc/x86_64-linux-gnu/4.8/../../../x86_64-linux-gnu/crtn.o]
    arg [/usr/lib/gcc/x86_64-linux-gnu/4.8/collect2] ==> ignore
    arg [--sysroot=/] ==> ignore
    arg [--build-id] ==> ignore
    arg [--eh-frame-hdr] ==> ignore
    arg [-m] ==> ignore
    arg [elf_x86_64] ==> ignore
    arg [--hash-style=gnu] ==> ignore
    arg [--as-needed] ==> ignore
    arg [-export-dynamic] ==> ignore
    arg [-dynamic-linker] ==> ignore
    arg [/lib64/ld-linux-x86-64.so.2] ==> ignore
    arg [-zrelro] ==> ignore
    arg [-o] ==> ignore
    arg [cmTryCompileExec1497679286] ==> ignore
    arg [/usr/lib/gcc/x86_64-linux-gnu/4.8/../../../x86_64-linux-gnu/crt1.o] ==> ignore
    arg [/usr/lib/gcc/x86_64-linux-gnu/4.8/../../../x86_64-linux-gnu/crti.o] ==> ignore
    arg [/usr/lib/gcc/x86_64-linux-gnu/4.8/crtbegin.o] ==> ignore
    arg [-L/usr/lib/gcc/x86_64-linux-gnu/4.8] ==> dir [/usr/lib/gcc/x86_64-linux-gnu/4.8]
    arg [-L/usr/lib/gcc/x86_64-linux-gnu/4.8/../../../x86_64-linux-gnu] ==> dir [/usr/lib/gcc/x86_64-linux-gnu/4.8/../../../x86_64-linux-gnu]
    arg [-L/usr/lib/gcc/x86_64-linux-gnu/4.8/../../../../lib] ==> dir [/usr/lib/gcc/x86_64-linux-gnu/4.8/../../../../lib]
    arg [-L/lib/x86_64-linux-gnu] ==> dir [/lib/x86_64-linux-gnu]
    arg [-L/lib/../lib] ==> dir [/lib/../lib]
    arg [-L/usr/lib/x86_64-linux-gnu] ==> dir [/usr/lib/x86_64-linux-gnu]
    arg [-L/usr/lib/../lib] ==> dir [/usr/lib/../lib]
    arg [-L/usr/lib/gcc/x86_64-linux-gnu/4.8/../../..] ==> dir [/usr/lib/gcc/x86_64-linux-gnu/4.8/../../..]
    arg [CMakeFiles/cmTryCompileExec1497679286.dir/CMakeFortranCompilerABI.F.o] ==> ignore
    arg [-lgfortran] ==> lib [gfortran]
    arg [-lm] ==> lib [m]
    arg [-lgcc_s] ==> lib [gcc_s]
    arg [-lgcc] ==> lib [gcc]
    arg [-lquadmath] ==> lib [quadmath]
    arg [-lm] ==> lib [m]
    arg [-lgcc_s] ==> lib [gcc_s]
    arg [-lgcc] ==> lib [gcc]
    arg [-lc] ==> lib [c]
    arg [-lgcc_s] ==> lib [gcc_s]
    arg [-lgcc] ==> lib [gcc]
    arg [/usr/lib/gcc/x86_64-linux-gnu/4.8/crtend.o] ==> ignore
    arg [/usr/lib/gcc/x86_64-linux-gnu/4.8/../../../x86_64-linux-gnu/crtn.o] ==> ignore
  remove lib [gcc_s]
  remove lib [gcc]
  remove lib [gcc_s]
  remove lib [gcc]
  remove lib [gcc_s]
  remove lib [gcc]
  collapse library dir [/usr/lib/gcc/x86_64-linux-gnu/4.8] ==> [/usr/lib/gcc/x86_64-linux-gnu/4.8]
  collapse library dir [/usr/lib/gcc/x86_64-linux-gnu/4.8/../../../x86_64-linux-gnu] ==> [/usr/lib/x86_64-linux-gnu]
  collapse library dir [/usr/lib/gcc/x86_64-linux-gnu/4.8/../../../../lib] ==> [/usr/lib]
  collapse library dir [/lib/x86_64-linux-gnu] ==> [/lib/x86_64-linux-gnu]
  collapse library dir [/lib/../lib] ==> [/lib]
  collapse library dir [/usr/lib/x86_64-linux-gnu] ==> [/usr/lib/x86_64-linux-gnu]
  collapse library dir [/usr/lib/../lib] ==> [/usr/lib]
  collapse library dir [/usr/lib/gcc/x86_64-linux-gnu/4.8/../../..] ==> [/usr/lib]
  implicit libs: [gfortran;m;quadmath;m;c]
  implicit dirs: [/usr/lib/gcc/x86_64-linux-gnu/4.8;/usr/lib/x86_64-linux-gnu;/usr/lib;/lib/x86_64-linux-gnu;/lib]
  implicit fwks: []


Determining if the Fortran compiler supports Fortran 90 passed with the following output:
Change Dir: /fs02/share/users/alperen.aydin/home/TP_math/maj/AnalyseNumerique/EDO_EDP/01_eigen/eigen_src/eigen/build/CMakeFiles/CMakeTmp

Run Build Command:/usr/bin/make "cmTryCompileExec2111446255/fast"
/usr/bin/make -f CMakeFiles/cmTryCompileExec2111446255.dir/build.make CMakeFiles/cmTryCompileExec2111446255.dir/build
make[1]: entrant dans le répertoire « /fs02/share/users/alperen.aydin/home/TP_math/maj/AnalyseNumerique/EDO_EDP/01_eigen/eigen_src/eigen/build/CMakeFiles/CMakeTmp »
/usr/bin/cmake -E cmake_progress_report /fs02/share/users/alperen.aydin/home/TP_math/maj/AnalyseNumerique/EDO_EDP/01_eigen/eigen_src/eigen/build/CMakeFiles/CMakeTmp/CMakeFiles 1
Building Fortran object CMakeFiles/cmTryCompileExec2111446255.dir/testFortranCompilerF90.f90.o
/usr/bin/gfortran    -c /fs02/share/users/alperen.aydin/home/TP_math/maj/AnalyseNumerique/EDO_EDP/01_eigen/eigen_src/eigen/build/CMakeFiles/CMakeTmp/testFortranCompilerF90.f90 -o CMakeFiles/cmTryCompileExec2111446255.dir/testFortranCompilerF90.f90.o
Linking Fortran executable cmTryCompileExec2111446255
/usr/bin/cmake -E cmake_link_script CMakeFiles/cmTryCompileExec2111446255.dir/link.txt --verbose=1
/usr/bin/gfortran       CMakeFiles/cmTryCompileExec2111446255.dir/testFortranCompilerF90.f90.o  -o cmTryCompileExec2111446255 -rdynamic 
make[1]: quittant le répertoire « /fs02/share/users/alperen.aydin/home/TP_math/maj/AnalyseNumerique/EDO_EDP/01_eigen/eigen_src/eigen/build/CMakeFiles/CMakeTmp »


Determining if the function XOpenDisplay exists in the /usr/lib/x86_64-linux-gnu/libX11.so;/usr/lib/x86_64-linux-gnu/libXext.so passed with the following output:
Change Dir: /fs02/share/users/alperen.aydin/home/TP_math/maj/AnalyseNumerique/EDO_EDP/01_eigen/eigen_src/eigen/build/CMakeFiles/CMakeTmp

Run Build Command:/usr/bin/make "cmTryCompileExec3038516007/fast"
/usr/bin/make -f CMakeFiles/cmTryCompileExec3038516007.dir/build.make CMakeFiles/cmTryCompileExec3038516007.dir/build
make[1]: entrant dans le répertoire « /fs02/share/users/alperen.aydin/home/TP_math/maj/AnalyseNumerique/EDO_EDP/01_eigen/eigen_src/eigen/build/CMakeFiles/CMakeTmp »
/usr/bin/cmake -E cmake_progress_report /fs02/share/users/alperen.aydin/home/TP_math/maj/AnalyseNumerique/EDO_EDP/01_eigen/eigen_src/eigen/build/CMakeFiles/CMakeTmp/CMakeFiles 1
Building C object CMakeFiles/cmTryCompileExec3038516007.dir/CheckFunctionExists.c.o
/usr/bin/cc   -DCHECK_FUNCTION_EXISTS=XOpenDisplay   -o CMakeFiles/cmTryCompileExec3038516007.dir/CheckFunctionExists.c.o   -c /usr/share/cmake-2.8/Modules/CheckFunctionExists.c
Linking C executable cmTryCompileExec3038516007
/usr/bin/cmake -E cmake_link_script CMakeFiles/cmTryCompileExec3038516007.dir/link.txt --verbose=1
/usr/bin/cc   -DCHECK_FUNCTION_EXISTS=XOpenDisplay    CMakeFiles/cmTryCompileExec3038516007.dir/CheckFunctionExists.c.o  -o cmTryCompileExec3038516007 -rdynamic -lX11 -lXext 
make[1]: quittant le répertoire « /fs02/share/users/alperen.aydin/home/TP_math/maj/AnalyseNumerique/EDO_EDP/01_eigen/eigen_src/eigen/build/CMakeFiles/CMakeTmp »


Determining if the function gethostbyname exists passed with the following output:
Change Dir: /fs02/share/users/alperen.aydin/home/TP_math/maj/AnalyseNumerique/EDO_EDP/01_eigen/eigen_src/eigen/build/CMakeFiles/CMakeTmp

Run Build Command:/usr/bin/make "cmTryCompileExec2452748626/fast"
/usr/bin/make -f CMakeFiles/cmTryCompileExec2452748626.dir/build.make CMakeFiles/cmTryCompileExec2452748626.dir/build
make[1]: entrant dans le répertoire « /fs02/share/users/alperen.aydin/home/TP_math/maj/AnalyseNumerique/EDO_EDP/01_eigen/eigen_src/eigen/build/CMakeFiles/CMakeTmp »
/usr/bin/cmake -E cmake_progress_report /fs02/share/users/alperen.aydin/home/TP_math/maj/AnalyseNumerique/EDO_EDP/01_eigen/eigen_src/eigen/build/CMakeFiles/CMakeTmp/CMakeFiles 1
Building C object CMakeFiles/cmTryCompileExec2452748626.dir/CheckFunctionExists.c.o
/usr/bin/cc   -DCHECK_FUNCTION_EXISTS=gethostbyname   -o CMakeFiles/cmTryCompileExec2452748626.dir/CheckFunctionExists.c.o   -c /usr/share/cmake-2.8/Modules/CheckFunctionExists.c
Linking C executable cmTryCompileExec2452748626
/usr/bin/cmake -E cmake_link_script CMakeFiles/cmTryCompileExec2452748626.dir/link.txt --verbose=1
/usr/bin/cc   -DCHECK_FUNCTION_EXISTS=gethostbyname    CMakeFiles/cmTryCompileExec2452748626.dir/CheckFunctionExists.c.o  -o cmTryCompileExec2452748626 -rdynamic 
make[1]: quittant le répertoire « /fs02/share/users/alperen.aydin/home/TP_math/maj/AnalyseNumerique/EDO_EDP/01_eigen/eigen_src/eigen/build/CMakeFiles/CMakeTmp »


Determining if the function connect exists passed with the following output:
Change Dir: /fs02/share/users/alperen.aydin/home/TP_math/maj/AnalyseNumerique/EDO_EDP/01_eigen/eigen_src/eigen/build/CMakeFiles/CMakeTmp

Run Build Command:/usr/bin/make "cmTryCompileExec430828655/fast"
/usr/bin/make -f CMakeFiles/cmTryCompileExec430828655.dir/build.make CMakeFiles/cmTryCompileExec430828655.dir/build
make[1]: entrant dans le répertoire « /fs02/share/users/alperen.aydin/home/TP_math/maj/AnalyseNumerique/EDO_EDP/01_eigen/eigen_src/eigen/build/CMakeFiles/CMakeTmp »
/usr/bin/cmake -E cmake_progress_report /fs02/share/users/alperen.aydin/home/TP_math/maj/AnalyseNumerique/EDO_EDP/01_eigen/eigen_src/eigen/build/CMakeFiles/CMakeTmp/CMakeFiles 1
Building C object CMakeFiles/cmTryCompileExec430828655.dir/CheckFunctionExists.c.o
/usr/bin/cc   -DCHECK_FUNCTION_EXISTS=connect   -o CMakeFiles/cmTryCompileExec430828655.dir/CheckFunctionExists.c.o   -c /usr/share/cmake-2.8/Modules/CheckFunctionExists.c
Linking C executable cmTryCompileExec430828655
/usr/bin/cmake -E cmake_link_script CMakeFiles/cmTryCompileExec430828655.dir/link.txt --verbose=1
/usr/bin/cc   -DCHECK_FUNCTION_EXISTS=connect    CMakeFiles/cmTryCompileExec430828655.dir/CheckFunctionExists.c.o  -o cmTryCompileExec430828655 -rdynamic 
make[1]: quittant le répertoire « /fs02/share/users/alperen.aydin/home/TP_math/maj/AnalyseNumerique/EDO_EDP/01_eigen/eigen_src/eigen/build/CMakeFiles/CMakeTmp »


Determining if the function remove exists passed with the following output:
Change Dir: /fs02/share/users/alperen.aydin/home/TP_math/maj/AnalyseNumerique/EDO_EDP/01_eigen/eigen_src/eigen/build/CMakeFiles/CMakeTmp

Run Build Command:/usr/bin/make "cmTryCompileExec953849357/fast"
/usr/bin/make -f CMakeFiles/cmTryCompileExec953849357.dir/build.make CMakeFiles/cmTryCompileExec953849357.dir/build
make[1]: entrant dans le répertoire « /fs02/share/users/alperen.aydin/home/TP_math/maj/AnalyseNumerique/EDO_EDP/01_eigen/eigen_src/eigen/build/CMakeFiles/CMakeTmp »
/usr/bin/cmake -E cmake_progress_report /fs02/share/users/alperen.aydin/home/TP_math/maj/AnalyseNumerique/EDO_EDP/01_eigen/eigen_src/eigen/build/CMakeFiles/CMakeTmp/CMakeFiles 1
Building C object CMakeFiles/cmTryCompileExec953849357.dir/CheckFunctionExists.c.o
/usr/bin/cc   -DCHECK_FUNCTION_EXISTS=remove   -o CMakeFiles/cmTryCompileExec953849357.dir/CheckFunctionExists.c.o   -c /usr/share/cmake-2.8/Modules/CheckFunctionExists.c
Linking C executable cmTryCompileExec953849357
/usr/bin/cmake -E cmake_link_script CMakeFiles/cmTryCompileExec953849357.dir/link.txt --verbose=1
/usr/bin/cc   -DCHECK_FUNCTION_EXISTS=remove    CMakeFiles/cmTryCompileExec953849357.dir/CheckFunctionExists.c.o  -o cmTryCompileExec953849357 -rdynamic 
make[1]: quittant le répertoire « /fs02/share/users/alperen.aydin/home/TP_math/maj/AnalyseNumerique/EDO_EDP/01_eigen/eigen_src/eigen/build/CMakeFiles/CMakeTmp »


Determining if the function shmat exists passed with the following output:
Change Dir: /fs02/share/users/alperen.aydin/home/TP_math/maj/AnalyseNumerique/EDO_EDP/01_eigen/eigen_src/eigen/build/CMakeFiles/CMakeTmp

Run Build Command:/usr/bin/make "cmTryCompileExec3352789445/fast"
/usr/bin/make -f CMakeFiles/cmTryCompileExec3352789445.dir/build.make CMakeFiles/cmTryCompileExec3352789445.dir/build
make[1]: entrant dans le répertoire « /fs02/share/users/alperen.aydin/home/TP_math/maj/AnalyseNumerique/EDO_EDP/01_eigen/eigen_src/eigen/build/CMakeFiles/CMakeTmp »
/usr/bin/cmake -E cmake_progress_report /fs02/share/users/alperen.aydin/home/TP_math/maj/AnalyseNumerique/EDO_EDP/01_eigen/eigen_src/eigen/build/CMakeFiles/CMakeTmp/CMakeFiles 1
Building C object CMakeFiles/cmTryCompileExec3352789445.dir/CheckFunctionExists.c.o
/usr/bin/cc   -DCHECK_FUNCTION_EXISTS=shmat   -o CMakeFiles/cmTryCompileExec3352789445.dir/CheckFunctionExists.c.o   -c /usr/share/cmake-2.8/Modules/CheckFunctionExists.c
Linking C executable cmTryCompileExec3352789445
/usr/bin/cmake -E cmake_link_script CMakeFiles/cmTryCompileExec3352789445.dir/link.txt --verbose=1
/usr/bin/cc   -DCHECK_FUNCTION_EXISTS=shmat    CMakeFiles/cmTryCompileExec3352789445.dir/CheckFunctionExists.c.o  -o cmTryCompileExec3352789445 -rdynamic 
make[1]: quittant le répertoire « /fs02/share/users/alperen.aydin/home/TP_math/maj/AnalyseNumerique/EDO_EDP/01_eigen/eigen_src/eigen/build/CMakeFiles/CMakeTmp »


Determining if the function IceConnectionNumber exists in the ICE passed with the following output:
Change Dir: /fs02/share/users/alperen.aydin/home/TP_math/maj/AnalyseNumerique/EDO_EDP/01_eigen/eigen_src/eigen/build/CMakeFiles/CMakeTmp

Run Build Command:/usr/bin/make "cmTryCompileExec2987851305/fast"
/usr/bin/make -f CMakeFiles/cmTryCompileExec2987851305.dir/build.make CMakeFiles/cmTryCompileExec2987851305.dir/build
make[1]: entrant dans le répertoire « /fs02/share/users/alperen.aydin/home/TP_math/maj/AnalyseNumerique/EDO_EDP/01_eigen/eigen_src/eigen/build/CMakeFiles/CMakeTmp »
/usr/bin/cmake -E cmake_progress_report /fs02/share/users/alperen.aydin/home/TP_math/maj/AnalyseNumerique/EDO_EDP/01_eigen/eigen_src/eigen/build/CMakeFiles/CMakeTmp/CMakeFiles 1
Building C object CMakeFiles/cmTryCompileExec2987851305.dir/CheckFunctionExists.c.o
/usr/bin/cc   -DCHECK_FUNCTION_EXISTS=IceConnectionNumber   -o CMakeFiles/cmTryCompileExec2987851305.dir/CheckFunctionExists.c.o   -c /usr/share/cmake-2.8/Modules/CheckFunctionExists.c
Linking C executable cmTryCompileExec2987851305
/usr/bin/cmake -E cmake_link_script CMakeFiles/cmTryCompileExec2987851305.dir/link.txt --verbose=1
/usr/bin/cc   -DCHECK_FUNCTION_EXISTS=IceConnectionNumber    CMakeFiles/cmTryCompileExec2987851305.dir/CheckFunctionExists.c.o  -o cmTryCompileExec2987851305 -rdynamic -lICE 
make[1]: quittant le répertoire « /fs02/share/users/alperen.aydin/home/TP_math/maj/AnalyseNumerique/EDO_EDP/01_eigen/eigen_src/eigen/build/CMakeFiles/CMakeTmp »


