Performing C++ SOURCE FILE Test COMPILER_SUPPORT_wd981 failed with the following output:
Change Dir: /fs02/share/users/alperen.aydin/home/TP_math/maj/AnalyseNumerique/EDO_EDP/01_eigen/eigen_src/eigen/build/CMakeFiles/CMakeTmp

Run Build Command:/usr/bin/make "cmTryCompileExec3754617943/fast"
/usr/bin/make -f CMakeFiles/cmTryCompileExec3754617943.dir/build.make CMakeFiles/cmTryCompileExec3754617943.dir/build
make[1]: Entering directory `/fs02/share/users/alperen.aydin/home/TP_math/maj/AnalyseNumerique/EDO_EDP/01_eigen/eigen_src/eigen/build/CMakeFiles/CMakeTmp'
/usr/bin/cmake -E cmake_progress_report /fs02/share/users/alperen.aydin/home/TP_math/maj/AnalyseNumerique/EDO_EDP/01_eigen/eigen_src/eigen/build/CMakeFiles/CMakeTmp/CMakeFiles 1
Building CXX object CMakeFiles/cmTryCompileExec3754617943.dir/src.cxx.o
/usr/bin/c++    -fexceptions -pedantic -Wall -Wextra -Wundef -Wcast-align -Wchar-subscripts -Wnon-virtual-dtor -Wunused-local-typedefs -Wpointer-arith -Wwrite-strings -Wformat-security -Wno-psabi -Wno-variadic-macros -Wno-long-long -fno-check-new -fno-common -fstrict-aliasing -DCOMPILER_SUPPORT_wd981 -Werror   -wd981 -o CMakeFiles/cmTryCompileExec3754617943.dir/src.cxx.o -c /fs02/share/users/alperen.aydin/home/TP_math/maj/AnalyseNumerique/EDO_EDP/01_eigen/eigen_src/eigen/build/CMakeFiles/CMakeTmp/src.cxx
c++: error: unrecognized command line option '-wd981'
make[1]: Leaving directory `/fs02/share/users/alperen.aydin/home/TP_math/maj/AnalyseNumerique/EDO_EDP/01_eigen/eigen_src/eigen/build/CMakeFiles/CMakeTmp'
make[1]: *** [CMakeFiles/cmTryCompileExec3754617943.dir/src.cxx.o] Error 1
make: *** [cmTryCompileExec3754617943/fast] Error 2

Source file was:
int main() { return 0;}
Performing C++ SOURCE FILE Test COMPILER_SUPPORT_wd2304 failed with the following output:
Change Dir: /fs02/share/users/alperen.aydin/home/TP_math/maj/AnalyseNumerique/EDO_EDP/01_eigen/eigen_src/eigen/build/CMakeFiles/CMakeTmp

Run Build Command:/usr/bin/make "cmTryCompileExec2240482502/fast"
/usr/bin/make -f CMakeFiles/cmTryCompileExec2240482502.dir/build.make CMakeFiles/cmTryCompileExec2240482502.dir/build
make[1]: Entering directory `/fs02/share/users/alperen.aydin/home/TP_math/maj/AnalyseNumerique/EDO_EDP/01_eigen/eigen_src/eigen/build/CMakeFiles/CMakeTmp'
/usr/bin/cmake -E cmake_progress_report /fs02/share/users/alperen.aydin/home/TP_math/maj/AnalyseNumerique/EDO_EDP/01_eigen/eigen_src/eigen/build/CMakeFiles/CMakeTmp/CMakeFiles 1
Building CXX object CMakeFiles/cmTryCompileExec2240482502.dir/src.cxx.o
/usr/bin/c++    -fexceptions -pedantic -Wall -Wextra -Wundef -Wcast-align -Wchar-subscripts -Wnon-virtual-dtor -Wunused-local-typedefs -Wpointer-arith -Wwrite-strings -Wformat-security -Wno-psabi -Wno-variadic-macros -Wno-long-long -fno-check-new -fno-common -fstrict-aliasing -DCOMPILER_SUPPORT_wd2304 -Werror   -wd2304 -o CMakeFiles/cmTryCompileExec2240482502.dir/src.cxx.o -c /fs02/share/users/alperen.aydin/home/TP_math/maj/AnalyseNumerique/EDO_EDP/01_eigen/eigen_src/eigen/build/CMakeFiles/CMakeTmp/src.cxx
c++: error: unrecognized command line option '-wd2304'
make[1]: *** [CMakeFiles/cmTryCompileExec2240482502.dir/src.cxx.o] Error 1
make[1]: Leaving directory `/fs02/share/users/alperen.aydin/home/TP_math/maj/AnalyseNumerique/EDO_EDP/01_eigen/eigen_src/eigen/build/CMakeFiles/CMakeTmp'
make: *** [cmTryCompileExec2240482502/fast] Error 2

Source file was:
int main() { return 0;}
Performing C++ SOURCE FILE Test COMPILER_SUPPORT_STRICTANSI failed with the following output:
Change Dir: /fs02/share/users/alperen.aydin/home/TP_math/maj/AnalyseNumerique/EDO_EDP/01_eigen/eigen_src/eigen/build/CMakeFiles/CMakeTmp

Run Build Command:/usr/bin/make "cmTryCompileExec1593877445/fast"
/usr/bin/make -f CMakeFiles/cmTryCompileExec1593877445.dir/build.make CMakeFiles/cmTryCompileExec1593877445.dir/build
make[1]: Entering directory `/fs02/share/users/alperen.aydin/home/TP_math/maj/AnalyseNumerique/EDO_EDP/01_eigen/eigen_src/eigen/build/CMakeFiles/CMakeTmp'
/usr/bin/cmake -E cmake_progress_report /fs02/share/users/alperen.aydin/home/TP_math/maj/AnalyseNumerique/EDO_EDP/01_eigen/eigen_src/eigen/build/CMakeFiles/CMakeTmp/CMakeFiles 1
Building CXX object CMakeFiles/cmTryCompileExec1593877445.dir/src.cxx.o
/usr/bin/c++    -fexceptions -pedantic -Wall -Wextra -Wundef -Wcast-align -Wchar-subscripts -Wnon-virtual-dtor -Wunused-local-typedefs -Wpointer-arith -Wwrite-strings -Wformat-security -Wno-psabi -Wno-variadic-macros -Wno-long-long -fno-check-new -fno-common -fstrict-aliasing -DCOMPILER_SUPPORT_STRICTANSI -Werror   -strict-ansi -o CMakeFiles/cmTryCompileExec1593877445.dir/src.cxx.o -c /fs02/share/users/alperen.aydin/home/TP_math/maj/AnalyseNumerique/EDO_EDP/01_eigen/eigen_src/eigen/build/CMakeFiles/CMakeTmp/src.cxx
c++: error: unrecognized command line option '-strict-ansi'
make[1]: *** [CMakeFiles/cmTryCompileExec1593877445.dir/src.cxx.o] Error 1
make[1]: Leaving directory `/fs02/share/users/alperen.aydin/home/TP_math/maj/AnalyseNumerique/EDO_EDP/01_eigen/eigen_src/eigen/build/CMakeFiles/CMakeTmp'
make: *** [cmTryCompileExec1593877445/fast] Error 2

Source file was:
int main() { return 0;}
Performing C++ SOURCE FILE Test COMPILER_SUPPORT_Qunusedarguments failed with the following output:
Change Dir: /fs02/share/users/alperen.aydin/home/TP_math/maj/AnalyseNumerique/EDO_EDP/01_eigen/eigen_src/eigen/build/CMakeFiles/CMakeTmp

Run Build Command:/usr/bin/make "cmTryCompileExec3769566480/fast"
/usr/bin/make -f CMakeFiles/cmTryCompileExec3769566480.dir/build.make CMakeFiles/cmTryCompileExec3769566480.dir/build
make[1]: Entering directory `/fs02/share/users/alperen.aydin/home/TP_math/maj/AnalyseNumerique/EDO_EDP/01_eigen/eigen_src/eigen/build/CMakeFiles/CMakeTmp'
/usr/bin/cmake -E cmake_progress_report /fs02/share/users/alperen.aydin/home/TP_math/maj/AnalyseNumerique/EDO_EDP/01_eigen/eigen_src/eigen/build/CMakeFiles/CMakeTmp/CMakeFiles 1
Building CXX object CMakeFiles/cmTryCompileExec3769566480.dir/src.cxx.o
/usr/bin/c++    -fexceptions -pedantic -Wall -Wextra -Wundef -Wcast-align -Wchar-subscripts -Wnon-virtual-dtor -Wunused-local-typedefs -Wpointer-arith -Wwrite-strings -Wformat-security -Wno-psabi -Wno-variadic-macros -Wno-long-long -fno-check-new -fno-common -fstrict-aliasing -DCOMPILER_SUPPORT_Qunusedarguments -Werror   -Qunused-arguments -o CMakeFiles/cmTryCompileExec3769566480.dir/src.cxx.o -c /fs02/share/users/alperen.aydin/home/TP_math/maj/AnalyseNumerique/EDO_EDP/01_eigen/eigen_src/eigen/build/CMakeFiles/CMakeTmp/src.cxx
c++: error: unrecognized command line option '-Qunused-arguments'
make[1]: Leaving directory `/fs02/share/users/alperen.aydin/home/TP_math/maj/AnalyseNumerique/EDO_EDP/01_eigen/eigen_src/eigen/build/CMakeFiles/CMakeTmp'
make[1]: *** [CMakeFiles/cmTryCompileExec3769566480.dir/src.cxx.o] Error 1
make: *** [cmTryCompileExec3769566480/fast] Error 2

Source file was:
int main() { return 0;}
Determining if the Q_WS_WIN exist failed with the following output:
Change Dir: /fs02/share/users/alperen.aydin/home/TP_math/maj/AnalyseNumerique/EDO_EDP/01_eigen/eigen_src/eigen/build/CMakeFiles/CMakeTmp

Run Build Command:/usr/bin/make "cmTryCompileExec2133908054/fast"
/usr/bin/make -f CMakeFiles/cmTryCompileExec2133908054.dir/build.make CMakeFiles/cmTryCompileExec2133908054.dir/build
make[1]: entrant dans le répertoire « /fs02/share/users/alperen.aydin/home/TP_math/maj/AnalyseNumerique/EDO_EDP/01_eigen/eigen_src/eigen/build/CMakeFiles/CMakeTmp »
/usr/bin/cmake -E cmake_progress_report /fs02/share/users/alperen.aydin/home/TP_math/maj/AnalyseNumerique/EDO_EDP/01_eigen/eigen_src/eigen/build/CMakeFiles/CMakeTmp/CMakeFiles 1
Building CXX object CMakeFiles/cmTryCompileExec2133908054.dir/CheckSymbolExists.cxx.o
/usr/bin/c++    -fexceptions -pedantic -Wall -Wextra -Wundef -Wcast-align -Wchar-subscripts -Wnon-virtual-dtor -Wunused-local-typedefs -Wpointer-arith -Wwrite-strings -Wformat-security -Wno-psabi -Wno-variadic-macros -Wno-long-long -fno-check-new -fno-common -fstrict-aliasing -ansi -O1 -g1  -I/usr/include/qt4    -o CMakeFiles/cmTryCompileExec2133908054.dir/CheckSymbolExists.cxx.o -c /fs02/share/users/alperen.aydin/home/TP_math/maj/AnalyseNumerique/EDO_EDP/01_eigen/eigen_src/eigen/build/CMakeFiles/CMakeTmp/CheckSymbolExists.cxx
/fs02/share/users/alperen.aydin/home/TP_math/maj/AnalyseNumerique/EDO_EDP/01_eigen/eigen_src/eigen/build/CMakeFiles/CMakeTmp/CheckSymbolExists.cxx: In function ‘int main(int, char**)’:
/fs02/share/users/alperen.aydin/home/TP_math/maj/AnalyseNumerique/EDO_EDP/01_eigen/eigen_src/eigen/build/CMakeFiles/CMakeTmp/CheckSymbolExists.cxx:8:19: error: ‘Q_WS_WIN’ was not declared in this scope
   return ((int*)(&Q_WS_WIN))[argc];
                   ^
make[1]: *** [CMakeFiles/cmTryCompileExec2133908054.dir/CheckSymbolExists.cxx.o] Erreur 1
make[1]: quittant le répertoire « /fs02/share/users/alperen.aydin/home/TP_math/maj/AnalyseNumerique/EDO_EDP/01_eigen/eigen_src/eigen/build/CMakeFiles/CMakeTmp »
make: *** [cmTryCompileExec2133908054/fast] Erreur 2

File /fs02/share/users/alperen.aydin/home/TP_math/maj/AnalyseNumerique/EDO_EDP/01_eigen/eigen_src/eigen/build/CMakeFiles/CMakeTmp/CheckSymbolExists.cxx:
/* */
#include <QtCore/qglobal.h>

int main(int argc, char** argv)
{
  (void)argv;
#ifndef Q_WS_WIN
  return ((int*)(&Q_WS_WIN))[argc];
#else
  (void)argc;
  return 0;
#endif
}

Determining if the Q_WS_QWS exist failed with the following output:
Change Dir: /fs02/share/users/alperen.aydin/home/TP_math/maj/AnalyseNumerique/EDO_EDP/01_eigen/eigen_src/eigen/build/CMakeFiles/CMakeTmp

Run Build Command:/usr/bin/make "cmTryCompileExec1740266581/fast"
/usr/bin/make -f CMakeFiles/cmTryCompileExec1740266581.dir/build.make CMakeFiles/cmTryCompileExec1740266581.dir/build
make[1]: entrant dans le répertoire « /fs02/share/users/alperen.aydin/home/TP_math/maj/AnalyseNumerique/EDO_EDP/01_eigen/eigen_src/eigen/build/CMakeFiles/CMakeTmp »
/usr/bin/cmake -E cmake_progress_report /fs02/share/users/alperen.aydin/home/TP_math/maj/AnalyseNumerique/EDO_EDP/01_eigen/eigen_src/eigen/build/CMakeFiles/CMakeTmp/CMakeFiles 1
Building CXX object CMakeFiles/cmTryCompileExec1740266581.dir/CheckSymbolExists.cxx.o
/usr/bin/c++    -fexceptions -pedantic -Wall -Wextra -Wundef -Wcast-align -Wchar-subscripts -Wnon-virtual-dtor -Wunused-local-typedefs -Wpointer-arith -Wwrite-strings -Wformat-security -Wno-psabi -Wno-variadic-macros -Wno-long-long -fno-check-new -fno-common -fstrict-aliasing -ansi -O1 -g1  -I/usr/include/qt4    -o CMakeFiles/cmTryCompileExec1740266581.dir/CheckSymbolExists.cxx.o -c /fs02/share/users/alperen.aydin/home/TP_math/maj/AnalyseNumerique/EDO_EDP/01_eigen/eigen_src/eigen/build/CMakeFiles/CMakeTmp/CheckSymbolExists.cxx
/fs02/share/users/alperen.aydin/home/TP_math/maj/AnalyseNumerique/EDO_EDP/01_eigen/eigen_src/eigen/build/CMakeFiles/CMakeTmp/CheckSymbolExists.cxx: In function ‘int main(int, char**)’:
/fs02/share/users/alperen.aydin/home/TP_math/maj/AnalyseNumerique/EDO_EDP/01_eigen/eigen_src/eigen/build/CMakeFiles/CMakeTmp/CheckSymbolExists.cxx:8:19: error: ‘Q_WS_QWS’ was not declared in this scope
   return ((int*)(&Q_WS_QWS))[argc];
                   ^
make[1]: *** [CMakeFiles/cmTryCompileExec1740266581.dir/CheckSymbolExists.cxx.o] Erreur 1
make[1]: quittant le répertoire « /fs02/share/users/alperen.aydin/home/TP_math/maj/AnalyseNumerique/EDO_EDP/01_eigen/eigen_src/eigen/build/CMakeFiles/CMakeTmp »
make: *** [cmTryCompileExec1740266581/fast] Erreur 2

File /fs02/share/users/alperen.aydin/home/TP_math/maj/AnalyseNumerique/EDO_EDP/01_eigen/eigen_src/eigen/build/CMakeFiles/CMakeTmp/CheckSymbolExists.cxx:
/* */
#include <QtCore/qglobal.h>

int main(int argc, char** argv)
{
  (void)argv;
#ifndef Q_WS_QWS
  return ((int*)(&Q_WS_QWS))[argc];
#else
  (void)argc;
  return 0;
#endif
}

Determining if the Q_WS_MAC exist failed with the following output:
Change Dir: /fs02/share/users/alperen.aydin/home/TP_math/maj/AnalyseNumerique/EDO_EDP/01_eigen/eigen_src/eigen/build/CMakeFiles/CMakeTmp

Run Build Command:/usr/bin/make "cmTryCompileExec3035947981/fast"
/usr/bin/make -f CMakeFiles/cmTryCompileExec3035947981.dir/build.make CMakeFiles/cmTryCompileExec3035947981.dir/build
make[1]: entrant dans le répertoire « /fs02/share/users/alperen.aydin/home/TP_math/maj/AnalyseNumerique/EDO_EDP/01_eigen/eigen_src/eigen/build/CMakeFiles/CMakeTmp »
/usr/bin/cmake -E cmake_progress_report /fs02/share/users/alperen.aydin/home/TP_math/maj/AnalyseNumerique/EDO_EDP/01_eigen/eigen_src/eigen/build/CMakeFiles/CMakeTmp/CMakeFiles 1
Building CXX object CMakeFiles/cmTryCompileExec3035947981.dir/CheckSymbolExists.cxx.o
/usr/bin/c++    -fexceptions -pedantic -Wall -Wextra -Wundef -Wcast-align -Wchar-subscripts -Wnon-virtual-dtor -Wunused-local-typedefs -Wpointer-arith -Wwrite-strings -Wformat-security -Wno-psabi -Wno-variadic-macros -Wno-long-long -fno-check-new -fno-common -fstrict-aliasing -ansi -O1 -g1  -I/usr/include/qt4    -o CMakeFiles/cmTryCompileExec3035947981.dir/CheckSymbolExists.cxx.o -c /fs02/share/users/alperen.aydin/home/TP_math/maj/AnalyseNumerique/EDO_EDP/01_eigen/eigen_src/eigen/build/CMakeFiles/CMakeTmp/CheckSymbolExists.cxx
/fs02/share/users/alperen.aydin/home/TP_math/maj/AnalyseNumerique/EDO_EDP/01_eigen/eigen_src/eigen/build/CMakeFiles/CMakeTmp/CheckSymbolExists.cxx: In function ‘int main(int, char**)’:
/fs02/share/users/alperen.aydin/home/TP_math/maj/AnalyseNumerique/EDO_EDP/01_eigen/eigen_src/eigen/build/CMakeFiles/CMakeTmp/CheckSymbolExists.cxx:8:19: error: ‘Q_WS_MAC’ was not declared in this scope
   return ((int*)(&Q_WS_MAC))[argc];
                   ^
make[1]: *** [CMakeFiles/cmTryCompileExec3035947981.dir/CheckSymbolExists.cxx.o] Erreur 1
make[1]: quittant le répertoire « /fs02/share/users/alperen.aydin/home/TP_math/maj/AnalyseNumerique/EDO_EDP/01_eigen/eigen_src/eigen/build/CMakeFiles/CMakeTmp »
make: *** [cmTryCompileExec3035947981/fast] Erreur 2

File /fs02/share/users/alperen.aydin/home/TP_math/maj/AnalyseNumerique/EDO_EDP/01_eigen/eigen_src/eigen/build/CMakeFiles/CMakeTmp/CheckSymbolExists.cxx:
/* */
#include <QtCore/qglobal.h>

int main(int argc, char** argv)
{
  (void)argv;
#ifndef Q_WS_MAC
  return ((int*)(&Q_WS_MAC))[argc];
#else
  (void)argc;
  return 0;
#endif
}

